-Xajruntimetarget:1.5
-1.8
-encoding
UTF-8
-showWeaveInfo
-source
1.8
-target
1.8
-verbose
-classpath
/home/gjouneau/.m2/repository/org/aspectj/aspectjweaver/1.9.5/aspectjweaver-1.9.5.jar:/home/gjouneau/.m2/repository/org/aspectj/aspectjrt/1.9.5/aspectjrt-1.9.5.jar:/home/gjouneau/.m2/repository/org/eclipse/emf/ecoretools/ale/compiler/alecompiler-maven-plugin/0.0.1-SNAPSHOT/alecompiler-maven-plugin-0.0.1-SNAPSHOT.jar:/home/gjouneau/Documents/Recherche/SEALS/Handcraft.languages/MiniJava/selfadaptable-minijava.lang.services/target/org.tetrabox.selfadaptable-minijava.lang.services-0.0.1-SNAPSHOT.jar:/home/gjouneau/.m2/repository/org/eclipse/emf/org.eclipse.emf.ecore/2.15.0/org.eclipse.emf.ecore-2.15.0.jar:/home/gjouneau/.m2/repository/org/eclipse/emf/org.eclipse.emf.common/2.23.0/org.eclipse.emf.common-2.23.0.jar:/home/gjouneau/.m2/repository/org/eclipse/emf/org.eclipse.emf.ecore.xmi/2.15.0/org.eclipse.emf.ecore.xmi-2.15.0.jar:/home/gjouneau/.m2/repository/org/eclipse/emf/ecoretools/ale/compiler/lib/org.eclipse.emf.ecoretools.ale.compiler.lib/0.0.1-SNAPSHOT/org.eclipse.emf.ecoretools.ale.compiler.lib-0.0.1-SNAPSHOT.jar:/home/gjouneau/.m2/repository/org/eclipse/emf/ecoretools/ale/core/org.eclipse.emf.ecoretools.ale.core/0.0.1-SNAPSHOT/org.eclipse.emf.ecoretools.ale.core-0.0.1-SNAPSHOT.jar:/home/gjouneau/.m2/repository/org/eclipse/emf/ecoretools/ale/compiler/truffle/lib/org.eclipse.emf.ecoretools.ale.compiler.truffle.lib/0.0.1-SNAPSHOT/org.eclipse.emf.ecoretools.ale.compiler.truffle.lib-0.0.1-SNAPSHOT.jar:/home/gjouneau/.m2/repository/org/eclipse/emf/ecoretools/ale/compiler/org.eclipse.emf.ecoretools.ale.compiler/0.0.1-SNAPSHOT/org.eclipse.emf.ecoretools.ale.compiler-0.0.1-SNAPSHOT.jar:/home/gjouneau/.m2/repository/org/eclipse/xtend/org.eclipse.xtend.lib/2.17.0/org.eclipse.xtend.lib-2.17.0.jar:/home/gjouneau/.m2/repository/org/eclipse/xtext/org.eclipse.xtext.xbase.lib/2.17.0/org.eclipse.xtext.xbase.lib-2.17.0.jar:/home/gjouneau/.m2/repository/org/eclipse/xtend/org.eclipse.xtend.lib.macro/2.17.0/org.eclipse.xtend.lib.macro-2.17.0.jar:/home/gjouneau/.m2/repository/com/squareup/javapoet/1.11.1/javapoet-1.11.1.jar:/home/gjouneau/.m2/repository/org/eclipse/emf/org.eclipse.emf.codegen.ecore/2.15.0/org.eclipse.emf.codegen.ecore-2.15.0.jar:/home/gjouneau/.m2/repository/org/eclipse/platform/org.eclipse.core.resources/3.15.100/org.eclipse.core.resources-3.15.100.jar:/home/gjouneau/.m2/repository/org/eclipse/platform/org.eclipse.core.expressions/3.8.0/org.eclipse.core.expressions-3.8.0.jar:/home/gjouneau/.m2/repository/org/eclipse/platform/org.eclipse.core.filesystem/1.9.100/org.eclipse.core.filesystem-1.9.100.jar:/home/gjouneau/.m2/repository/org/eclipse/jdt/org.eclipse.jdt.core/3.27.0/org.eclipse.jdt.core-3.27.0.jar:/home/gjouneau/.m2/repository/org/eclipse/jdt/org.eclipse.jdt.launching/3.19.300/org.eclipse.jdt.launching-3.19.300.jar:/home/gjouneau/.m2/repository/org/eclipse/platform/org.eclipse.debug.core/3.18.200/org.eclipse.debug.core-3.18.200.jar:/home/gjouneau/.m2/repository/org/eclipse/jdt/org.eclipse.jdt.debug/3.18.0/org.eclipse.jdt.debug-3.18.0.jar:/home/gjouneau/.m2/repository/org/eclipse/platform/org.eclipse.core.variables/3.5.100/org.eclipse.core.variables-3.5.100.jar:/home/gjouneau/.m2/repository/org/eclipse/emf/org.eclipse.emf.codegen/2.22.0/org.eclipse.emf.codegen-2.22.0.jar:/home/gjouneau/.m2/repository/org/eclipse/platform/org.eclipse.text/3.12.0/org.eclipse.text-3.12.0.jar:/home/gjouneau/.m2/repository/org/eclipse/platform/org.eclipse.core.commands/3.10.100/org.eclipse.core.commands-3.10.100.jar:/home/gjouneau/.m2/repository/org/eclipse/xtext/org.eclipse.xtext/2.14.0/org.eclipse.xtext-2.14.0.jar:/home/gjouneau/.m2/repository/org/eclipse/xtext/org.eclipse.xtext.util/2.14.0/org.eclipse.xtext.util-2.14.0.jar:/home/gjouneau/.m2/repository/log4j/log4j/1.2.16/log4j-1.2.16.jar:/home/gjouneau/.m2/repository/com/google/inject/guice/3.0/guice-3.0.jar:/home/gjouneau/.m2/repository/javax/inject/javax.inject/1/javax.inject-1.jar:/home/gjouneau/.m2/repository/aopalliance/aopalliance/1.0/aopalliance-1.0.jar:/home/gjouneau/.m2/repository/org/eclipse/platform/org.eclipse.core.runtime/3.14.0/org.eclipse.core.runtime-3.14.0.jar:/home/gjouneau/.m2/repository/org/eclipse/platform/org.eclipse.osgi/3.17.0/org.eclipse.osgi-3.17.0.jar:/home/gjouneau/.m2/repository/org/eclipse/platform/org.eclipse.equinox.common/3.15.0/org.eclipse.equinox.common-3.15.0.jar:/home/gjouneau/.m2/repository/org/eclipse/platform/org.eclipse.core.jobs/3.12.0/org.eclipse.core.jobs-3.12.0.jar:/home/gjouneau/.m2/repository/org/eclipse/platform/org.eclipse.equinox.registry/3.11.0/org.eclipse.equinox.registry-3.11.0.jar:/home/gjouneau/.m2/repository/org/eclipse/platform/org.eclipse.equinox.preferences/3.9.0/org.eclipse.equinox.preferences-3.9.0.jar:/home/gjouneau/.m2/repository/org/eclipse/platform/org.eclipse.core.contenttype/3.8.0/org.eclipse.core.contenttype-3.8.0.jar:/home/gjouneau/.m2/repository/org/eclipse/platform/org.eclipse.equinox.app/1.6.0/org.eclipse.equinox.app-1.6.0.jar:/home/gjouneau/Documents/Recherche/SEALS/Handcraft.languages/MiniJava/selfadaptable-minijava.model/target/selfadaptable-minijava.model-0.0.1-SNAPSHOT.jar:/home/gjouneau/.m2/repository/org/graalvm/truffle/truffle-api/19.1.0/truffle-api-19.1.0.jar:/home/gjouneau/.m2/repository/org/graalvm/sdk/graal-sdk/19.1.0/graal-sdk-19.1.0.jar:/home/gjouneau/.m2/repository/org/antlr/antlr4-runtime/4.7.1/antlr4-runtime-4.7.1.jar:/home/gjouneau/.m2/repository/org/eclipse/acceleo/org.eclipse.acceleo.query/6.0.8-SNAPSHOT/org.eclipse.acceleo.query-6.0.8-SNAPSHOT.jar:/home/gjouneau/.m2/repository/com/google/guava/guava/11.0/guava-11.0.jar:/home/gjouneau/.m2/repository/com/google/code/findbugs/jsr305/1.3.9/jsr305-1.3.9.jar:/home/gjouneau/Documents/Recherche/SEALS/Handcraft.languages/MiniJava/selfadaptable-minijava.lang.interpreter/target/classes
-d
/home/gjouneau/Documents/Recherche/SEALS/Handcraft.languages/MiniJava/selfadaptable-minijava.lang.interpreter/target/classes
/home/gjouneau/Documents/Recherche/SEALS/Handcraft.languages/MiniJava/selfadaptable-minijava.lang.interpreter/interpreter-comp/miniJava/interpreter/decision/model/Goal.java
/home/gjouneau/Documents/Recherche/SEALS/Handcraft.languages/MiniJava/selfadaptable-minijava.lang.interpreter/interpreter-comp/miniJava/interpreter/decision/model/Task.java
/home/gjouneau/Documents/Recherche/SEALS/Handcraft.languages/MiniJava/selfadaptable-minijava.lang.interpreter/interpreter-comp/miniJava/interpreter/decision/model/Softgoal.java
/home/gjouneau/Documents/Recherche/SEALS/Handcraft.languages/MiniJava/selfadaptable-minijava.lang.interpreter/interpreter-comp/miniJava/interpreter/decision/model/Variable.java
/home/gjouneau/Documents/Recherche/SEALS/Handcraft.languages/MiniJava/selfadaptable-minijava.lang.interpreter/interpreter-comp/miniJava/interpreter/decision/model/ModelingElement.java
/home/gjouneau/Documents/Recherche/SEALS/Handcraft.languages/MiniJava/selfadaptable-minijava.lang.interpreter/interpreter-comp/miniJava/interpreter/decision/model/Resource.java
/home/gjouneau/Documents/Recherche/SEALS/Handcraft.languages/MiniJava/selfadaptable-minijava.lang.interpreter/interpreter-comp/miniJava/interpreter/IAdaptationNode.java
/home/gjouneau/Documents/Recherche/SEALS/Handcraft.languages/MiniJava/selfadaptable-minijava.lang.interpreter/interpreter-comp/miniJava/interpreter/FeedbackLoop.java
/home/gjouneau/Documents/Recherche/SEALS/Handcraft.languages/MiniJava/selfadaptable-minijava.lang.interpreter/interpreter-comp/miniJava/interpreter/AbstractAdaptationModule.java
/home/gjouneau/Documents/Recherche/SEALS/Handcraft.languages/MiniJava/selfadaptable-minijava.lang.interpreter/interpreter-comp/miniJava/interpreter/miniJava/IntegerValue.java
/home/gjouneau/Documents/Recherche/SEALS/Handcraft.languages/MiniJava/selfadaptable-minijava.lang.interpreter/interpreter-comp/miniJava/interpreter/miniJava/Statement.java
/home/gjouneau/Documents/Recherche/SEALS/Handcraft.languages/MiniJava/selfadaptable-minijava.lang.interpreter/interpreter-comp/miniJava/interpreter/miniJava/VariableDeclaration.java
/home/gjouneau/Documents/Recherche/SEALS/Handcraft.languages/MiniJava/selfadaptable-minijava.lang.interpreter/interpreter-comp/miniJava/interpreter/miniJava/FieldBinding.java
/home/gjouneau/Documents/Recherche/SEALS/Handcraft.languages/MiniJava/selfadaptable-minijava.lang.interpreter/interpreter-comp/miniJava/interpreter/miniJava/StringConstant.java
/home/gjouneau/Documents/Recherche/SEALS/Handcraft.languages/MiniJava/selfadaptable-minijava.lang.interpreter/interpreter-comp/miniJava/interpreter/miniJava/PrintStatement.java
/home/gjouneau/Documents/Recherche/SEALS/Handcraft.languages/MiniJava/selfadaptable-minijava.lang.interpreter/interpreter-comp/miniJava/interpreter/miniJava/MiniJavaPackage.java
/home/gjouneau/Documents/Recherche/SEALS/Handcraft.languages/MiniJava/selfadaptable-minijava.lang.interpreter/interpreter-comp/miniJava/interpreter/miniJava/BoolConstant.java
/home/gjouneau/Documents/Recherche/SEALS/Handcraft.languages/MiniJava/selfadaptable-minijava.lang.interpreter/interpreter-comp/miniJava/interpreter/miniJava/Minus.java
/home/gjouneau/Documents/Recherche/SEALS/Handcraft.languages/MiniJava/selfadaptable-minijava.lang.interpreter/interpreter-comp/miniJava/interpreter/miniJava/Symbol.java
/home/gjouneau/Documents/Recherche/SEALS/Handcraft.languages/MiniJava/selfadaptable-minijava.lang.interpreter/interpreter-comp/miniJava/interpreter/miniJava/IfStatement.java
/home/gjouneau/Documents/Recherche/SEALS/Handcraft.languages/MiniJava/selfadaptable-minijava.lang.interpreter/interpreter-comp/miniJava/interpreter/miniJava/Import.java
/home/gjouneau/Documents/Recherche/SEALS/Handcraft.languages/MiniJava/selfadaptable-minijava.lang.interpreter/interpreter-comp/miniJava/interpreter/miniJava/WriteImage.java
/home/gjouneau/Documents/Recherche/SEALS/Handcraft.languages/MiniJava/selfadaptable-minijava.lang.interpreter/interpreter-comp/miniJava/interpreter/miniJava/Null.java
/home/gjouneau/Documents/Recherche/SEALS/Handcraft.languages/MiniJava/selfadaptable-minijava.lang.interpreter/interpreter-comp/miniJava/interpreter/miniJava/ObjectRefValue.java
/home/gjouneau/Documents/Recherche/SEALS/Handcraft.languages/MiniJava/selfadaptable-minijava.lang.interpreter/interpreter-comp/miniJava/interpreter/miniJava/Parameter.java
/home/gjouneau/Documents/Recherche/SEALS/Handcraft.languages/MiniJava/selfadaptable-minijava.lang.interpreter/interpreter-comp/miniJava/interpreter/miniJava/Block.java
/home/gjouneau/Documents/Recherche/SEALS/Handcraft.languages/MiniJava/selfadaptable-minijava.lang.interpreter/interpreter-comp/miniJava/interpreter/miniJava/Method.java
/home/gjouneau/Documents/Recherche/SEALS/Handcraft.languages/MiniJava/selfadaptable-minijava.lang.interpreter/interpreter-comp/miniJava/interpreter/miniJava/SuperiorOrEqual.java
/home/gjouneau/Documents/Recherche/SEALS/Handcraft.languages/MiniJava/selfadaptable-minijava.lang.interpreter/interpreter-comp/miniJava/interpreter/miniJava/Program.java
/home/gjouneau/Documents/Recherche/SEALS/Handcraft.languages/MiniJava/selfadaptable-minijava.lang.interpreter/interpreter-comp/miniJava/interpreter/miniJava/ForStatement.java
/home/gjouneau/Documents/Recherche/SEALS/Handcraft.languages/MiniJava/selfadaptable-minijava.lang.interpreter/interpreter-comp/miniJava/interpreter/miniJava/Not.java
/home/gjouneau/Documents/Recherche/SEALS/Handcraft.languages/MiniJava/selfadaptable-minijava.lang.interpreter/interpreter-comp/miniJava/interpreter/miniJava/Superior.java
/home/gjouneau/Documents/Recherche/SEALS/Handcraft.languages/MiniJava/selfadaptable-minijava.lang.interpreter/interpreter-comp/miniJava/interpreter/miniJava/InferiorOrEqual.java
/home/gjouneau/Documents/Recherche/SEALS/Handcraft.languages/MiniJava/selfadaptable-minijava.lang.interpreter/interpreter-comp/miniJava/interpreter/miniJava/TypeRef.java
/home/gjouneau/Documents/Recherche/SEALS/Handcraft.languages/MiniJava/selfadaptable-minijava.lang.interpreter/interpreter-comp/miniJava/interpreter/miniJava/Context.java
/home/gjouneau/Documents/Recherche/SEALS/Handcraft.languages/MiniJava/selfadaptable-minijava.lang.interpreter/interpreter-comp/miniJava/interpreter/miniJava/Assignee.java
/home/gjouneau/Documents/Recherche/SEALS/Handcraft.languages/MiniJava/selfadaptable-minijava.lang.interpreter/interpreter-comp/miniJava/interpreter/miniJava/MiniJavaFactory.java
/home/gjouneau/Documents/Recherche/SEALS/Handcraft.languages/MiniJava/selfadaptable-minijava.lang.interpreter/interpreter-comp/miniJava/interpreter/miniJava/Division.java
/home/gjouneau/Documents/Recherche/SEALS/Handcraft.languages/MiniJava/selfadaptable-minijava.lang.interpreter/interpreter-comp/miniJava/interpreter/miniJava/ArrayTypeRef.java
/home/gjouneau/Documents/Recherche/SEALS/Handcraft.languages/MiniJava/selfadaptable-minijava.lang.interpreter/interpreter-comp/miniJava/interpreter/miniJava/Frame.java
/home/gjouneau/Documents/Recherche/SEALS/Handcraft.languages/MiniJava/selfadaptable-minijava.lang.interpreter/interpreter-comp/miniJava/interpreter/miniJava/Multiplication.java
/home/gjouneau/Documents/Recherche/SEALS/Handcraft.languages/MiniJava/selfadaptable-minijava.lang.interpreter/interpreter-comp/miniJava/interpreter/miniJava/Expression.java
/home/gjouneau/Documents/Recherche/SEALS/Handcraft.languages/MiniJava/selfadaptable-minijava.lang.interpreter/interpreter-comp/miniJava/interpreter/miniJava/StringValue.java
/home/gjouneau/Documents/Recherche/SEALS/Handcraft.languages/MiniJava/selfadaptable-minijava.lang.interpreter/interpreter-comp/miniJava/interpreter/miniJava/LoadImage.java
/home/gjouneau/Documents/Recherche/SEALS/Handcraft.languages/MiniJava/selfadaptable-minijava.lang.interpreter/interpreter-comp/miniJava/interpreter/miniJava/State.java
/home/gjouneau/Documents/Recherche/SEALS/Handcraft.languages/MiniJava/selfadaptable-minijava.lang.interpreter/interpreter-comp/miniJava/interpreter/miniJava/Value.java
/home/gjouneau/Documents/Recherche/SEALS/Handcraft.languages/MiniJava/selfadaptable-minijava.lang.interpreter/interpreter-comp/miniJava/interpreter/miniJava/And.java
/home/gjouneau/Documents/Recherche/SEALS/Handcraft.languages/MiniJava/selfadaptable-minijava.lang.interpreter/interpreter-comp/miniJava/interpreter/miniJava/Return.java
/home/gjouneau/Documents/Recherche/SEALS/Handcraft.languages/MiniJava/selfadaptable-minijava.lang.interpreter/interpreter-comp/miniJava/interpreter/miniJava/NewObject.java
/home/gjouneau/Documents/Recherche/SEALS/Handcraft.languages/MiniJava/selfadaptable-minijava.lang.interpreter/interpreter-comp/miniJava/interpreter/miniJava/Member.java
/home/gjouneau/Documents/Recherche/SEALS/Handcraft.languages/MiniJava/selfadaptable-minijava.lang.interpreter/interpreter-comp/miniJava/interpreter/miniJava/Clazz.java
/home/gjouneau/Documents/Recherche/SEALS/Handcraft.languages/MiniJava/selfadaptable-minijava.lang.interpreter/interpreter-comp/miniJava/interpreter/miniJava/NamedElement.java
/home/gjouneau/Documents/Recherche/SEALS/Handcraft.languages/MiniJava/selfadaptable-minijava.lang.interpreter/interpreter-comp/miniJava/interpreter/miniJava/Inequality.java
/home/gjouneau/Documents/Recherche/SEALS/Handcraft.languages/MiniJava/selfadaptable-minijava.lang.interpreter/interpreter-comp/miniJava/interpreter/miniJava/Or.java
/home/gjouneau/Documents/Recherche/SEALS/Handcraft.languages/MiniJava/selfadaptable-minijava.lang.interpreter/interpreter-comp/miniJava/interpreter/miniJava/ArrayInstance.java
/home/gjouneau/Documents/Recherche/SEALS/Handcraft.languages/MiniJava/selfadaptable-minijava.lang.interpreter/interpreter-comp/miniJava/interpreter/miniJava/SingleTypeRef.java
/home/gjouneau/Documents/Recherche/SEALS/Handcraft.languages/MiniJava/selfadaptable-minijava.lang.interpreter/interpreter-comp/miniJava/interpreter/miniJava/NewArray.java
/home/gjouneau/Documents/Recherche/SEALS/Handcraft.languages/MiniJava/selfadaptable-minijava.lang.interpreter/interpreter-comp/miniJava/interpreter/miniJava/Assignment.java
/home/gjouneau/Documents/Recherche/SEALS/Handcraft.languages/MiniJava/selfadaptable-minijava.lang.interpreter/interpreter-comp/miniJava/interpreter/miniJava/StringTypeRef.java
/home/gjouneau/Documents/Recherche/SEALS/Handcraft.languages/MiniJava/selfadaptable-minijava.lang.interpreter/interpreter-comp/miniJava/interpreter/miniJava/ClassRef.java
/home/gjouneau/Documents/Recherche/SEALS/Handcraft.languages/MiniJava/selfadaptable-minijava.lang.interpreter/interpreter-comp/miniJava/interpreter/miniJava/This.java
/home/gjouneau/Documents/Recherche/SEALS/Handcraft.languages/MiniJava/selfadaptable-minijava.lang.interpreter/interpreter-comp/miniJava/interpreter/miniJava/MethodCall.java
/home/gjouneau/Documents/Recherche/SEALS/Handcraft.languages/MiniJava/selfadaptable-minijava.lang.interpreter/interpreter-comp/miniJava/interpreter/miniJava/ArrayLength.java
/home/gjouneau/Documents/Recherche/SEALS/Handcraft.languages/MiniJava/selfadaptable-minijava.lang.interpreter/interpreter-comp/miniJava/interpreter/miniJava/Neg.java
/home/gjouneau/Documents/Recherche/SEALS/Handcraft.languages/MiniJava/selfadaptable-minijava.lang.interpreter/interpreter-comp/miniJava/interpreter/miniJava/Equality.java
/home/gjouneau/Documents/Recherche/SEALS/Handcraft.languages/MiniJava/selfadaptable-minijava.lang.interpreter/interpreter-comp/miniJava/interpreter/miniJava/ArrayRefValue.java
/home/gjouneau/Documents/Recherche/SEALS/Handcraft.languages/MiniJava/selfadaptable-minijava.lang.interpreter/interpreter-comp/miniJava/interpreter/miniJava/WhileStatement.java
/home/gjouneau/Documents/Recherche/SEALS/Handcraft.languages/MiniJava/selfadaptable-minijava.lang.interpreter/interpreter-comp/miniJava/interpreter/miniJava/Inferior.java
/home/gjouneau/Documents/Recherche/SEALS/Handcraft.languages/MiniJava/selfadaptable-minijava.lang.interpreter/interpreter-comp/miniJava/interpreter/miniJava/NewCall.java
/home/gjouneau/Documents/Recherche/SEALS/Handcraft.languages/MiniJava/selfadaptable-minijava.lang.interpreter/interpreter-comp/miniJava/interpreter/miniJava/SymbolRef.java
/home/gjouneau/Documents/Recherche/SEALS/Handcraft.languages/MiniJava/selfadaptable-minijava.lang.interpreter/interpreter-comp/miniJava/interpreter/miniJava/FieldAccess.java
/home/gjouneau/Documents/Recherche/SEALS/Handcraft.languages/MiniJava/selfadaptable-minijava.lang.interpreter/interpreter-comp/miniJava/interpreter/miniJava/MethodCall2.java
/home/gjouneau/Documents/Recherche/SEALS/Handcraft.languages/MiniJava/selfadaptable-minijava.lang.interpreter/interpreter-comp/miniJava/interpreter/miniJava/NullValue.java
/home/gjouneau/Documents/Recherche/SEALS/Handcraft.languages/MiniJava/selfadaptable-minijava.lang.interpreter/interpreter-comp/miniJava/interpreter/miniJava/Interface.java
/home/gjouneau/Documents/Recherche/SEALS/Handcraft.languages/MiniJava/selfadaptable-minijava.lang.interpreter/interpreter-comp/miniJava/interpreter/miniJava/AccessLevel.java
/home/gjouneau/Documents/Recherche/SEALS/Handcraft.languages/MiniJava/selfadaptable-minijava.lang.interpreter/interpreter-comp/miniJava/interpreter/miniJava/Sqrt.java
/home/gjouneau/Documents/Recherche/SEALS/Handcraft.languages/MiniJava/selfadaptable-minijava.lang.interpreter/interpreter-comp/miniJava/interpreter/miniJava/OutputStream.java
/home/gjouneau/Documents/Recherche/SEALS/Handcraft.languages/MiniJava/selfadaptable-minijava.lang.interpreter/interpreter-comp/miniJava/interpreter/miniJava/SymbolBinding.java
/home/gjouneau/Documents/Recherche/SEALS/Handcraft.languages/MiniJava/selfadaptable-minijava.lang.interpreter/interpreter-comp/miniJava/interpreter/miniJava/Modulo.java
/home/gjouneau/Documents/Recherche/SEALS/Handcraft.languages/MiniJava/selfadaptable-minijava.lang.interpreter/interpreter-comp/miniJava/interpreter/miniJava/TypeDeclaration.java
/home/gjouneau/Documents/Recherche/SEALS/Handcraft.languages/MiniJava/selfadaptable-minijava.lang.interpreter/interpreter-comp/miniJava/interpreter/miniJava/IntConstant.java
/home/gjouneau/Documents/Recherche/SEALS/Handcraft.languages/MiniJava/selfadaptable-minijava.lang.interpreter/interpreter-comp/miniJava/interpreter/miniJava/TypedDeclaration.java
/home/gjouneau/Documents/Recherche/SEALS/Handcraft.languages/MiniJava/selfadaptable-minijava.lang.interpreter/interpreter-comp/miniJava/interpreter/miniJava/Super.java
/home/gjouneau/Documents/Recherche/SEALS/Handcraft.languages/MiniJava/selfadaptable-minijava.lang.interpreter/interpreter-comp/miniJava/interpreter/miniJava/Field.java
/home/gjouneau/Documents/Recherche/SEALS/Handcraft.languages/MiniJava/selfadaptable-minijava.lang.interpreter/interpreter-comp/miniJava/interpreter/miniJava/BooleanTypeRef.java
/home/gjouneau/Documents/Recherche/SEALS/Handcraft.languages/MiniJava/selfadaptable-minijava.lang.interpreter/interpreter-comp/miniJava/interpreter/miniJava/ObjectInstance.java
/home/gjouneau/Documents/Recherche/SEALS/Handcraft.languages/MiniJava/selfadaptable-minijava.lang.interpreter/interpreter-comp/miniJava/interpreter/miniJava/impl/MinusImpl.java
/home/gjouneau/Documents/Recherche/SEALS/Handcraft.languages/MiniJava/selfadaptable-minijava.lang.interpreter/interpreter-comp/miniJava/interpreter/miniJava/impl/ArrayTypeRefImpl.java
/home/gjouneau/Documents/Recherche/SEALS/Handcraft.languages/MiniJava/selfadaptable-minijava.lang.interpreter/interpreter-comp/miniJava/interpreter/miniJava/impl/TypeRefImpl.java
/home/gjouneau/Documents/Recherche/SEALS/Handcraft.languages/MiniJava/selfadaptable-minijava.lang.interpreter/interpreter-comp/miniJava/interpreter/miniJava/impl/ClazzImpl.java
/home/gjouneau/Documents/Recherche/SEALS/Handcraft.languages/MiniJava/selfadaptable-minijava.lang.interpreter/interpreter-comp/miniJava/interpreter/miniJava/impl/ProgramImpl.java
/home/gjouneau/Documents/Recherche/SEALS/Handcraft.languages/MiniJava/selfadaptable-minijava.lang.interpreter/interpreter-comp/miniJava/interpreter/miniJava/impl/CallImpl.java
/home/gjouneau/Documents/Recherche/SEALS/Handcraft.languages/MiniJava/selfadaptable-minijava.lang.interpreter/interpreter-comp/miniJava/interpreter/miniJava/impl/MiniJavaFactoryImpl.java
/home/gjouneau/Documents/Recherche/SEALS/Handcraft.languages/MiniJava/selfadaptable-minijava.lang.interpreter/interpreter-comp/miniJava/interpreter/miniJava/impl/MultiplicationImpl.java
/home/gjouneau/Documents/Recherche/SEALS/Handcraft.languages/MiniJava/selfadaptable-minijava.lang.interpreter/interpreter-comp/miniJava/interpreter/miniJava/impl/SymbolBindingImpl.java
/home/gjouneau/Documents/Recherche/SEALS/Handcraft.languages/MiniJava/selfadaptable-minijava.lang.interpreter/interpreter-comp/miniJava/interpreter/miniJava/impl/ArrayAccessImpl.java
/home/gjouneau/Documents/Recherche/SEALS/Handcraft.languages/MiniJava/selfadaptable-minijava.lang.interpreter/interpreter-comp/miniJava/interpreter/miniJava/impl/ParameterImpl.java
/home/gjouneau/Documents/Recherche/SEALS/Handcraft.languages/MiniJava/selfadaptable-minijava.lang.interpreter/interpreter-comp/miniJava/interpreter/miniJava/impl/SymbolToSymbolBindingMapImpl.java
/home/gjouneau/Documents/Recherche/SEALS/Handcraft.languages/MiniJava/selfadaptable-minijava.lang.interpreter/interpreter-comp/miniJava/interpreter/miniJava/impl/MethodCallImpl.java
/home/gjouneau/Documents/Recherche/SEALS/Handcraft.languages/MiniJava/selfadaptable-minijava.lang.interpreter/interpreter-comp/miniJava/interpreter/miniJava/impl/ExpressionImpl.java
/home/gjouneau/Documents/Recherche/SEALS/Handcraft.languages/MiniJava/selfadaptable-minijava.lang.interpreter/interpreter-comp/miniJava/interpreter/miniJava/impl/SuperiorImpl.java
/home/gjouneau/Documents/Recherche/SEALS/Handcraft.languages/MiniJava/selfadaptable-minijava.lang.interpreter/interpreter-comp/miniJava/interpreter/miniJava/impl/SymbolImpl.java
/home/gjouneau/Documents/Recherche/SEALS/Handcraft.languages/MiniJava/selfadaptable-minijava.lang.interpreter/interpreter-comp/miniJava/interpreter/miniJava/impl/FieldBindingImpl.java
/home/gjouneau/Documents/Recherche/SEALS/Handcraft.languages/MiniJava/selfadaptable-minijava.lang.interpreter/interpreter-comp/miniJava/interpreter/miniJava/impl/PrintStatementImpl.java
/home/gjouneau/Documents/Recherche/SEALS/Handcraft.languages/MiniJava/selfadaptable-minijava.lang.interpreter/interpreter-comp/miniJava/interpreter/miniJava/impl/TypedDeclarationImpl.java
/home/gjouneau/Documents/Recherche/SEALS/Handcraft.languages/MiniJava/selfadaptable-minijava.lang.interpreter/interpreter-comp/miniJava/interpreter/miniJava/impl/ImportImpl.java
/home/gjouneau/Documents/Recherche/SEALS/Handcraft.languages/MiniJava/selfadaptable-minijava.lang.interpreter/interpreter-comp/miniJava/interpreter/miniJava/impl/StringTypeRefImpl.java
/home/gjouneau/Documents/Recherche/SEALS/Handcraft.languages/MiniJava/selfadaptable-minijava.lang.interpreter/interpreter-comp/miniJava/interpreter/miniJava/impl/InferiorImpl.java
/home/gjouneau/Documents/Recherche/SEALS/Handcraft.languages/MiniJava/selfadaptable-minijava.lang.interpreter/interpreter-comp/miniJava/interpreter/miniJava/impl/BooleanTypeRefImpl.java
/home/gjouneau/Documents/Recherche/SEALS/Handcraft.languages/MiniJava/selfadaptable-minijava.lang.interpreter/interpreter-comp/miniJava/interpreter/miniJava/impl/BoolConstantImpl.java
/home/gjouneau/Documents/Recherche/SEALS/Handcraft.languages/MiniJava/selfadaptable-minijava.lang.interpreter/interpreter-comp/miniJava/interpreter/miniJava/impl/StateImpl.java
/home/gjouneau/Documents/Recherche/SEALS/Handcraft.languages/MiniJava/selfadaptable-minijava.lang.interpreter/interpreter-comp/miniJava/interpreter/miniJava/impl/StringConstantImpl.java
/home/gjouneau/Documents/Recherche/SEALS/Handcraft.languages/MiniJava/selfadaptable-minijava.lang.interpreter/interpreter-comp/miniJava/interpreter/miniJava/impl/SingleTypeRefImpl.java
/home/gjouneau/Documents/Recherche/SEALS/Handcraft.languages/MiniJava/selfadaptable-minijava.lang.interpreter/interpreter-comp/miniJava/interpreter/miniJava/impl/InferiorOrEqualImpl.java
/home/gjouneau/Documents/Recherche/SEALS/Handcraft.languages/MiniJava/selfadaptable-minijava.lang.interpreter/interpreter-comp/miniJava/interpreter/miniJava/impl/LoadImageImpl.java
/home/gjouneau/Documents/Recherche/SEALS/Handcraft.languages/MiniJava/selfadaptable-minijava.lang.interpreter/interpreter-comp/miniJava/interpreter/miniJava/impl/OutputStreamImpl.java
/home/gjouneau/Documents/Recherche/SEALS/Handcraft.languages/MiniJava/selfadaptable-minijava.lang.interpreter/interpreter-comp/miniJava/interpreter/miniJava/impl/AssigneeImpl.java
/home/gjouneau/Documents/Recherche/SEALS/Handcraft.languages/MiniJava/selfadaptable-minijava.lang.interpreter/interpreter-comp/miniJava/interpreter/miniJava/impl/PlusImpl.java
/home/gjouneau/Documents/Recherche/SEALS/Handcraft.languages/MiniJava/selfadaptable-minijava.lang.interpreter/interpreter-comp/miniJava/interpreter/miniJava/impl/ArrayInstanceImpl.java
/home/gjouneau/Documents/Recherche/SEALS/Handcraft.languages/MiniJava/selfadaptable-minijava.lang.interpreter/interpreter-comp/miniJava/interpreter/miniJava/impl/SqrtImpl.java
/home/gjouneau/Documents/Recherche/SEALS/Handcraft.languages/MiniJava/selfadaptable-minijava.lang.interpreter/interpreter-comp/miniJava/interpreter/miniJava/impl/ObjectInstanceImpl.java
/home/gjouneau/Documents/Recherche/SEALS/Handcraft.languages/MiniJava/selfadaptable-minijava.lang.interpreter/interpreter-comp/miniJava/interpreter/miniJava/impl/ContextImpl.java
/home/gjouneau/Documents/Recherche/SEALS/Handcraft.languages/MiniJava/selfadaptable-minijava.lang.interpreter/interpreter-comp/miniJava/interpreter/miniJava/impl/StringValueImpl.java
/home/gjouneau/Documents/Recherche/SEALS/Handcraft.languages/MiniJava/selfadaptable-minijava.lang.interpreter/interpreter-comp/miniJava/interpreter/miniJava/impl/NullImpl.java
/home/gjouneau/Documents/Recherche/SEALS/Handcraft.languages/MiniJava/selfadaptable-minijava.lang.interpreter/interpreter-comp/miniJava/interpreter/miniJava/impl/VoidTypeRefImpl.java
/home/gjouneau/Documents/Recherche/SEALS/Handcraft.languages/MiniJava/selfadaptable-minijava.lang.interpreter/interpreter-comp/miniJava/interpreter/miniJava/impl/NamedElementImpl.java
/home/gjouneau/Documents/Recherche/SEALS/Handcraft.languages/MiniJava/selfadaptable-minijava.lang.interpreter/interpreter-comp/miniJava/interpreter/miniJava/impl/FieldAccessImpl.java
/home/gjouneau/Documents/Recherche/SEALS/Handcraft.languages/MiniJava/selfadaptable-minijava.lang.interpreter/interpreter-comp/miniJava/interpreter/miniJava/impl/MethodCall2Impl.java
/home/gjouneau/Documents/Recherche/SEALS/Handcraft.languages/MiniJava/selfadaptable-minijava.lang.interpreter/interpreter-comp/miniJava/interpreter/miniJava/impl/IntegerTypeRefImpl.java
/home/gjouneau/Documents/Recherche/SEALS/Handcraft.languages/MiniJava/selfadaptable-minijava.lang.interpreter/interpreter-comp/miniJava/interpreter/miniJava/impl/NegImpl.java
/home/gjouneau/Documents/Recherche/SEALS/Handcraft.languages/MiniJava/selfadaptable-minijava.lang.interpreter/interpreter-comp/miniJava/interpreter/miniJava/impl/WhileStatementImpl.java
/home/gjouneau/Documents/Recherche/SEALS/Handcraft.languages/MiniJava/selfadaptable-minijava.lang.interpreter/interpreter-comp/miniJava/interpreter/miniJava/impl/SuperImpl.java
/home/gjouneau/Documents/Recherche/SEALS/Handcraft.languages/MiniJava/selfadaptable-minijava.lang.interpreter/interpreter-comp/miniJava/interpreter/miniJava/impl/NewCallImpl.java
/home/gjouneau/Documents/Recherche/SEALS/Handcraft.languages/MiniJava/selfadaptable-minijava.lang.interpreter/interpreter-comp/miniJava/interpreter/miniJava/impl/ObjectRefValueImpl.java
/home/gjouneau/Documents/Recherche/SEALS/Handcraft.languages/MiniJava/selfadaptable-minijava.lang.interpreter/interpreter-comp/miniJava/interpreter/miniJava/impl/ValueImpl.java
/home/gjouneau/Documents/Recherche/SEALS/Handcraft.languages/MiniJava/selfadaptable-minijava.lang.interpreter/interpreter-comp/miniJava/interpreter/miniJava/impl/VariableDeclarationImpl.java
/home/gjouneau/Documents/Recherche/SEALS/Handcraft.languages/MiniJava/selfadaptable-minijava.lang.interpreter/interpreter-comp/miniJava/interpreter/miniJava/impl/IntegerValueImpl.java
/home/gjouneau/Documents/Recherche/SEALS/Handcraft.languages/MiniJava/selfadaptable-minijava.lang.interpreter/interpreter-comp/miniJava/interpreter/miniJava/impl/AndImpl.java
/home/gjouneau/Documents/Recherche/SEALS/Handcraft.languages/MiniJava/selfadaptable-minijava.lang.interpreter/interpreter-comp/miniJava/interpreter/miniJava/impl/WriteImageImpl.java
/home/gjouneau/Documents/Recherche/SEALS/Handcraft.languages/MiniJava/selfadaptable-minijava.lang.interpreter/interpreter-comp/miniJava/interpreter/miniJava/impl/OrImpl.java
/home/gjouneau/Documents/Recherche/SEALS/Handcraft.languages/MiniJava/selfadaptable-minijava.lang.interpreter/interpreter-comp/miniJava/interpreter/miniJava/impl/ArrayRefValueImpl.java
/home/gjouneau/Documents/Recherche/SEALS/Handcraft.languages/MiniJava/selfadaptable-minijava.lang.interpreter/interpreter-comp/miniJava/interpreter/miniJava/impl/NewObjectImpl.java
/home/gjouneau/Documents/Recherche/SEALS/Handcraft.languages/MiniJava/selfadaptable-minijava.lang.interpreter/interpreter-comp/miniJava/interpreter/miniJava/impl/FieldImpl.java
/home/gjouneau/Documents/Recherche/SEALS/Handcraft.languages/MiniJava/selfadaptable-minijava.lang.interpreter/interpreter-comp/miniJava/interpreter/miniJava/impl/InequalityImpl.java
/home/gjouneau/Documents/Recherche/SEALS/Handcraft.languages/MiniJava/selfadaptable-minijava.lang.interpreter/interpreter-comp/miniJava/interpreter/miniJava/impl/DivisionImpl.java
/home/gjouneau/Documents/Recherche/SEALS/Handcraft.languages/MiniJava/selfadaptable-minijava.lang.interpreter/interpreter-comp/miniJava/interpreter/miniJava/impl/NewArrayImpl.java
/home/gjouneau/Documents/Recherche/SEALS/Handcraft.languages/MiniJava/selfadaptable-minijava.lang.interpreter/interpreter-comp/miniJava/interpreter/miniJava/impl/AssignmentImpl.java
/home/gjouneau/Documents/Recherche/SEALS/Handcraft.languages/MiniJava/selfadaptable-minijava.lang.interpreter/interpreter-comp/miniJava/interpreter/miniJava/impl/IfStatementImpl.java
/home/gjouneau/Documents/Recherche/SEALS/Handcraft.languages/MiniJava/selfadaptable-minijava.lang.interpreter/interpreter-comp/miniJava/interpreter/miniJava/impl/FrameImpl.java
/home/gjouneau/Documents/Recherche/SEALS/Handcraft.languages/MiniJava/selfadaptable-minijava.lang.interpreter/interpreter-comp/miniJava/interpreter/miniJava/impl/SuperiorOrEqualImpl.java
/home/gjouneau/Documents/Recherche/SEALS/Handcraft.languages/MiniJava/selfadaptable-minijava.lang.interpreter/interpreter-comp/miniJava/interpreter/miniJava/impl/StatementImpl.java
/home/gjouneau/Documents/Recherche/SEALS/Handcraft.languages/MiniJava/selfadaptable-minijava.lang.interpreter/interpreter-comp/miniJava/interpreter/miniJava/impl/InterfaceImpl.java
/home/gjouneau/Documents/Recherche/SEALS/Handcraft.languages/MiniJava/selfadaptable-minijava.lang.interpreter/interpreter-comp/miniJava/interpreter/miniJava/impl/ThisImpl.java
/home/gjouneau/Documents/Recherche/SEALS/Handcraft.languages/MiniJava/selfadaptable-minijava.lang.interpreter/interpreter-comp/miniJava/interpreter/miniJava/impl/ModuloImpl.java
/home/gjouneau/Documents/Recherche/SEALS/Handcraft.languages/MiniJava/selfadaptable-minijava.lang.interpreter/interpreter-comp/miniJava/interpreter/miniJava/impl/SymbolRefImpl.java
/home/gjouneau/Documents/Recherche/SEALS/Handcraft.languages/MiniJava/selfadaptable-minijava.lang.interpreter/interpreter-comp/miniJava/interpreter/miniJava/impl/MemberImpl.java
/home/gjouneau/Documents/Recherche/SEALS/Handcraft.languages/MiniJava/selfadaptable-minijava.lang.interpreter/interpreter-comp/miniJava/interpreter/miniJava/impl/ReturnImpl.java
/home/gjouneau/Documents/Recherche/SEALS/Handcraft.languages/MiniJava/selfadaptable-minijava.lang.interpreter/interpreter-comp/miniJava/interpreter/miniJava/impl/ClazzToMethodMapImpl.java
/home/gjouneau/Documents/Recherche/SEALS/Handcraft.languages/MiniJava/selfadaptable-minijava.lang.interpreter/interpreter-comp/miniJava/interpreter/miniJava/impl/TypeDeclarationImpl.java
/home/gjouneau/Documents/Recherche/SEALS/Handcraft.languages/MiniJava/selfadaptable-minijava.lang.interpreter/interpreter-comp/miniJava/interpreter/miniJava/impl/BlockImpl.java
/home/gjouneau/Documents/Recherche/SEALS/Handcraft.languages/MiniJava/selfadaptable-minijava.lang.interpreter/interpreter-comp/miniJava/interpreter/miniJava/impl/IntConstantImpl.java
/home/gjouneau/Documents/Recherche/SEALS/Handcraft.languages/MiniJava/selfadaptable-minijava.lang.interpreter/interpreter-comp/miniJava/interpreter/miniJava/impl/NullValueImpl.java
/home/gjouneau/Documents/Recherche/SEALS/Handcraft.languages/MiniJava/selfadaptable-minijava.lang.interpreter/interpreter-comp/miniJava/interpreter/miniJava/impl/NotImpl.java
/home/gjouneau/Documents/Recherche/SEALS/Handcraft.languages/MiniJava/selfadaptable-minijava.lang.interpreter/interpreter-comp/miniJava/interpreter/miniJava/impl/MiniJavaPackageImpl.java
/home/gjouneau/Documents/Recherche/SEALS/Handcraft.languages/MiniJava/selfadaptable-minijava.lang.interpreter/interpreter-comp/miniJava/interpreter/miniJava/impl/EqualityImpl.java
/home/gjouneau/Documents/Recherche/SEALS/Handcraft.languages/MiniJava/selfadaptable-minijava.lang.interpreter/interpreter-comp/miniJava/interpreter/miniJava/impl/BooleanValueImpl.java
/home/gjouneau/Documents/Recherche/SEALS/Handcraft.languages/MiniJava/selfadaptable-minijava.lang.interpreter/interpreter-comp/miniJava/interpreter/miniJava/impl/ForStatementImpl.java
/home/gjouneau/Documents/Recherche/SEALS/Handcraft.languages/MiniJava/selfadaptable-minijava.lang.interpreter/interpreter-comp/miniJava/interpreter/miniJava/impl/MethodImpl.java
/home/gjouneau/Documents/Recherche/SEALS/Handcraft.languages/MiniJava/selfadaptable-minijava.lang.interpreter/interpreter-comp/miniJava/interpreter/miniJava/impl/ClassRefImpl.java
/home/gjouneau/Documents/Recherche/SEALS/Handcraft.languages/MiniJava/selfadaptable-minijava.lang.interpreter/interpreter-comp/miniJava/interpreter/miniJava/impl/ArrayLengthImpl.java
/home/gjouneau/Documents/Recherche/SEALS/Handcraft.languages/MiniJava/selfadaptable-minijava.lang.interpreter/interpreter-comp/miniJava/interpreter/miniJava/ArrayAccess.java
/home/gjouneau/Documents/Recherche/SEALS/Handcraft.languages/MiniJava/selfadaptable-minijava.lang.interpreter/interpreter-comp/miniJava/interpreter/miniJava/IntegerTypeRef.java
/home/gjouneau/Documents/Recherche/SEALS/Handcraft.languages/MiniJava/selfadaptable-minijava.lang.interpreter/interpreter-comp/miniJava/interpreter/miniJava/BooleanValue.java
/home/gjouneau/Documents/Recherche/SEALS/Handcraft.languages/MiniJava/selfadaptable-minijava.lang.interpreter/interpreter-comp/miniJava/interpreter/miniJava/Plus.java
/home/gjouneau/Documents/Recherche/SEALS/Handcraft.languages/MiniJava/selfadaptable-minijava.lang.interpreter/interpreter-comp/miniJava/interpreter/miniJava/Call.java
/home/gjouneau/Documents/Recherche/SEALS/Handcraft.languages/MiniJava/selfadaptable-minijava.lang.interpreter/interpreter-comp/miniJava/interpreter/miniJava/VoidTypeRef.java
/home/gjouneau/Documents/Recherche/SEALS/Handcraft.languages/MiniJava/selfadaptable-minijava.lang.interpreter/interpreter-comp/miniJava/interpreter/AdaptationContext.java
/home/gjouneau/Documents/Recherche/SEALS/Handcraft.languages/MiniJava/selfadaptable-minijava.lang.interpreter/interpreter-comp/miniJava/interpreter/MiniJavaAdaptationContext.java
/home/gjouneau/Documents/Recherche/SEALS/Handcraft.languages/MiniJava/selfadaptable-minijava.lang.interpreter/interpreter-comp/miniJava/interpreter/dynamicModules/ApproximateModule.java
/home/gjouneau/Documents/Recherche/SEALS/Handcraft.languages/MiniJava/selfadaptable-minijava.lang.interpreter/interpreter-comp/miniJava/interpreter/DynamicAspect.java
