-Xajruntimetarget:1.5
-1.8
-encoding
UTF-8
-showWeaveInfo
-source
1.8
-target
1.8
-verbose
-classpath
/home/gjouneau/.m2/repository/org/aspectj/aspectjweaver/1.9.6/aspectjweaver-1.9.6.jar:/home/gjouneau/.m2/repository/org/aspectj/aspectjrt/1.9.6/aspectjrt-1.9.6.jar:/home/gjouneau/.m2/repository/org/choco-solver/choco-solver/4.10.6/choco-solver-4.10.6.jar:/home/gjouneau/.m2/repository/org/eclipse/xtext/org.eclipse.xtext/2.22.0/org.eclipse.xtext-2.22.0.jar:/home/gjouneau/.m2/repository/org/eclipse/xtext/org.eclipse.xtext.xbase/2.22.0/org.eclipse.xtext.xbase-2.22.0.jar:/home/gjouneau/.m2/repository/org/eclipse/xtext/org.eclipse.xtext.xtext.generator/2.22.0/org.eclipse.xtext.xtext.generator-2.22.0.jar:/home/gjouneau/.m2/repository/org/eclipse/emf/org.eclipse.emf.mwe2.launch/2.11.3/org.eclipse.emf.mwe2.launch-2.11.3.jar:/home/gjouneau/.m2/repository/org/eclipse/xtext/xtext-antlr-generator/2.1.1/xtext-antlr-generator-2.1.1.jar:/home/gjouneau/.m2/repository/org/choco-solver/choco-sat/4.10.6/choco-sat-4.10.6.jar:/home/gjouneau/.m2/repository/dk/brics/automaton/automaton/1.11-8/automaton-1.11-8.jar:/home/gjouneau/.m2/repository/org/jgrapht/jgrapht-core/1.4.0/jgrapht-core-1.4.0.jar:/home/gjouneau/.m2/repository/org/jheaps/jheaps/0.11/jheaps-0.11.jar:/home/gjouneau/.m2/repository/com/github/cp-profiler/cpprof-java/1.3.0/cpprof-java-1.3.0.jar:/home/gjouneau/.m2/repository/com/google/protobuf/protobuf-java/2.6.1/protobuf-java-2.6.1.jar:/home/gjouneau/.m2/repository/org/knowm/xchart/xchart/3.6.4/xchart-3.6.4.jar:/home/gjouneau/.m2/repository/de/erichseifert/vectorgraphics2d/VectorGraphics2D/0.13/VectorGraphics2D-0.13.jar:/home/gjouneau/.m2/repository/de/rototor/pdfbox/graphics2d/0.27/graphics2d-0.27.jar:/home/gjouneau/.m2/repository/org/apache/pdfbox/pdfbox/2.0.19/pdfbox-2.0.19.jar:/home/gjouneau/.m2/repository/org/apache/pdfbox/fontbox/2.0.19/fontbox-2.0.19.jar:/home/gjouneau/.m2/repository/com/madgag/animated-gif-lib/1.4/animated-gif-lib-1.4.jar:/home/gjouneau/.m2/repository/net/sf/trove4j/trove4j/3.0.3/trove4j-3.0.3.jar:/home/gjouneau/.m2/repository/org/eclipse/xtext/org.eclipse.xtext.util/2.22.0/org.eclipse.xtext.util-2.22.0.jar:/home/gjouneau/.m2/repository/org/eclipse/emf/org.eclipse.emf.ecore/2.20.0/org.eclipse.emf.ecore-2.20.0.jar:/home/gjouneau/.m2/repository/org/eclipse/xtend/org.eclipse.xtend.lib/2.22.0/org.eclipse.xtend.lib-2.22.0.jar:/home/gjouneau/.m2/repository/org/eclipse/xtext/org.eclipse.xtext.xbase.lib/2.22.0/org.eclipse.xtext.xbase.lib-2.22.0.jar:/home/gjouneau/.m2/repository/org/eclipse/xtend/org.eclipse.xtend.lib.macro/2.22.0/org.eclipse.xtend.lib.macro-2.22.0.jar:/home/gjouneau/.m2/repository/log4j/log4j/1.2.17/log4j-1.2.17.jar:/home/gjouneau/.m2/repository/org/eclipse/platform/org.eclipse.equinox.common/3.11.0/org.eclipse.equinox.common-3.11.0.jar:/home/gjouneau/.m2/repository/org/eclipse/platform/org.eclipse.osgi/3.15.200/org.eclipse.osgi-3.15.200.jar:/home/gjouneau/.m2/repository/org/eclipse/emf/org.eclipse.emf.common/2.17.0/org.eclipse.emf.common-2.17.0.jar:/home/gjouneau/.m2/repository/org/eclipse/emf/org.eclipse.emf.ecore.xmi/2.16.0/org.eclipse.emf.ecore.xmi-2.16.0.jar:/home/gjouneau/.m2/repository/com/google/inject/guice/3.0/guice-3.0.jar:/home/gjouneau/.m2/repository/javax/inject/javax.inject/1/javax.inject-1.jar:/home/gjouneau/.m2/repository/aopalliance/aopalliance/1.0/aopalliance-1.0.jar:/home/gjouneau/.m2/repository/org/antlr/antlr-runtime/3.2/antlr-runtime-3.2.jar:/home/gjouneau/.m2/repository/org/eclipse/xtext/org.eclipse.xtext.common.types/2.22.0/org.eclipse.xtext.common.types-2.22.0.jar:/home/gjouneau/.m2/repository/org/ow2/asm/asm-commons/8.0.1/asm-commons-8.0.1.jar:/home/gjouneau/.m2/repository/org/ow2/asm/asm/8.0.1/asm-8.0.1.jar:/home/gjouneau/.m2/repository/org/ow2/asm/asm-tree/8.0.1/asm-tree-8.0.1.jar:/home/gjouneau/.m2/repository/org/ow2/asm/asm-analysis/8.0.1/asm-analysis-8.0.1.jar:/home/gjouneau/.m2/repository/io/github/classgraph/classgraph/4.8.35/classgraph-4.8.35.jar:/home/gjouneau/.m2/repository/org/eclipse/emf/org.eclipse.emf.codegen/2.19.0/org.eclipse.emf.codegen-2.19.0.jar:/home/gjouneau/.m2/repository/org/eclipse/platform/org.eclipse.core.runtime/3.17.100/org.eclipse.core.runtime-3.17.100.jar:/home/gjouneau/.m2/repository/org/eclipse/platform/org.eclipse.core.jobs/3.10.700/org.eclipse.core.jobs-3.10.700.jar:/home/gjouneau/.m2/repository/org/eclipse/platform/org.eclipse.equinox.registry/3.8.700/org.eclipse.equinox.registry-3.8.700.jar:/home/gjouneau/.m2/repository/org/eclipse/platform/org.eclipse.equinox.preferences/3.7.700/org.eclipse.equinox.preferences-3.7.700.jar:/home/gjouneau/.m2/repository/org/eclipse/platform/org.eclipse.core.contenttype/3.7.600/org.eclipse.core.contenttype-3.7.600.jar:/home/gjouneau/.m2/repository/org/eclipse/platform/org.eclipse.equinox.app/1.4.400/org.eclipse.equinox.app-1.4.400.jar:/home/gjouneau/.m2/repository/org/eclipse/platform/org.eclipse.core.resources/3.13.700/org.eclipse.core.resources-3.13.700.jar:/home/gjouneau/.m2/repository/org/eclipse/platform/org.eclipse.core.expressions/3.6.700/org.eclipse.core.expressions-3.6.700.jar:/home/gjouneau/.m2/repository/org/eclipse/platform/org.eclipse.core.filesystem/1.7.700/org.eclipse.core.filesystem-1.7.700.jar:/home/gjouneau/.m2/repository/org/eclipse/jdt/org.eclipse.jdt.core/3.21.0/org.eclipse.jdt.core-3.21.0.jar:/home/gjouneau/.m2/repository/org/eclipse/jdt/org.eclipse.jdt.launching/3.19.200/org.eclipse.jdt.launching-3.19.200.jar:/home/gjouneau/.m2/repository/org/eclipse/jdt/org.eclipse.jdt.debug/3.17.200/org.eclipse.jdt.debug-3.17.200.jar:/home/gjouneau/.m2/repository/org/eclipse/platform/org.eclipse.core.variables/3.5.0/org.eclipse.core.variables-3.5.0.jar:/home/gjouneau/.m2/repository/org/eclipse/platform/org.eclipse.debug.core/3.18.100/org.eclipse.debug.core-3.18.100.jar:/home/gjouneau/.m2/repository/org/eclipse/platform/org.eclipse.text/3.10.100/org.eclipse.text-3.10.100.jar:/home/gjouneau/.m2/repository/org/eclipse/platform/org.eclipse.core.commands/3.9.700/org.eclipse.core.commands-3.9.700.jar:/home/gjouneau/.m2/repository/org/eclipse/emf/org.eclipse.emf.codegen.ecore/2.20.0/org.eclipse.emf.codegen.ecore-2.20.0.jar:/home/gjouneau/.m2/repository/org/eclipse/emf/org.eclipse.emf.mwe.utils/1.5.3/org.eclipse.emf.mwe.utils-1.5.3.jar:/home/gjouneau/.m2/repository/org/eclipse/emf/org.eclipse.emf.mwe.core/1.5.3/org.eclipse.emf.mwe.core-1.5.3.jar:/home/gjouneau/.m2/repository/commons-logging/commons-logging/1.1.3/commons-logging-1.1.3.jar:/home/gjouneau/.m2/repository/org/eclipse/emf/org.eclipse.emf.mwe2.lib/2.11.3/org.eclipse.emf.mwe2.lib-2.11.3.jar:/home/gjouneau/.m2/repository/org/eclipse/emf/org.eclipse.emf.mwe2.runtime/2.11.3/org.eclipse.emf.mwe2.runtime-2.11.3.jar:/home/gjouneau/.m2/repository/org/eclipse/emf/org.eclipse.emf.mwe2.language/2.11.3/org.eclipse.emf.mwe2.language-2.11.3.jar:/home/gjouneau/.m2/repository/com/google/guava/guava/27.1-jre/guava-27.1-jre.jar:/home/gjouneau/.m2/repository/com/google/guava/failureaccess/1.0.1/failureaccess-1.0.1.jar:/home/gjouneau/.m2/repository/com/google/guava/listenablefuture/9999.0-empty-to-avoid-conflict-with-guava/listenablefuture-9999.0-empty-to-avoid-conflict-with-guava.jar:/home/gjouneau/.m2/repository/com/google/code/findbugs/jsr305/3.0.2/jsr305-3.0.2.jar:/home/gjouneau/.m2/repository/org/checkerframework/checker-qual/2.5.2/checker-qual-2.5.2.jar:/home/gjouneau/.m2/repository/com/google/errorprone/error_prone_annotations/2.2.0/error_prone_annotations-2.2.0.jar:/home/gjouneau/.m2/repository/com/google/j2objc/j2objc-annotations/1.1/j2objc-annotations-1.1.jar:/home/gjouneau/.m2/repository/org/codehaus/mojo/animal-sniffer-annotations/1.17/animal-sniffer-annotations-1.17.jar:/home/gjouneau/.m2/repository/commons-cli/commons-cli/1.2/commons-cli-1.2.jar:/home/gjouneau/.m2/repository/org/xtext/antlr-generator/3.2.1/antlr-generator-3.2.1.jar:/home/gjouneau/Documents/Recherche/SAVM-Framework/Handcraft.languages/RobLANG/fr.gwendal_jouneaux.rob_lang/target/classes
-d
/home/gjouneau/Documents/Recherche/SAVM-Framework/Handcraft.languages/RobLANG/fr.gwendal_jouneaux.rob_lang/target/classes
/home/gjouneau/Documents/Recherche/SAVM-Framework/Handcraft.languages/RobLANG/fr.gwendal_jouneaux.rob_lang/src/fr/gwendal_jouneaux/rob_lang/scoping/RobLANGScopeProvider.java
/home/gjouneau/Documents/Recherche/SAVM-Framework/Handcraft.languages/RobLANG/fr.gwendal_jouneaux.rob_lang/src/fr/gwendal_jouneaux/rob_lang/validation/RobLANGValidator.java
/home/gjouneau/Documents/Recherche/SAVM-Framework/Handcraft.languages/RobLANG/fr.gwendal_jouneaux.rob_lang/src/fr/gwendal_jouneaux/rob_lang/RobLANGStandaloneSetup.java
/home/gjouneau/Documents/Recherche/SAVM-Framework/Handcraft.languages/RobLANG/fr.gwendal_jouneaux.rob_lang/src/fr/gwendal_jouneaux/rob_lang/interpreter/model/goal/Goal.java
/home/gjouneau/Documents/Recherche/SAVM-Framework/Handcraft.languages/RobLANG/fr.gwendal_jouneaux.rob_lang/src/fr/gwendal_jouneaux/rob_lang/interpreter/model/goal/visitor/AdaptationToleranceRangeVisitor.java
/home/gjouneau/Documents/Recherche/SAVM-Framework/Handcraft.languages/RobLANG/fr.gwendal_jouneaux.rob_lang/src/fr/gwendal_jouneaux/rob_lang/interpreter/model/goal/visitor/VariableConfigurationComparator.java
/home/gjouneau/Documents/Recherche/SAVM-Framework/Handcraft.languages/RobLANG/fr.gwendal_jouneaux.rob_lang/src/fr/gwendal_jouneaux/rob_lang/interpreter/model/goal/visitor/Bounds.java
/home/gjouneau/Documents/Recherche/SAVM-Framework/Handcraft.languages/RobLANG/fr.gwendal_jouneaux.rob_lang/src/fr/gwendal_jouneaux/rob_lang/interpreter/model/goal/visitor/ImpactEvaluationVisitor.java
/home/gjouneau/Documents/Recherche/SAVM-Framework/Handcraft.languages/RobLANG/fr.gwendal_jouneaux.rob_lang/src/fr/gwendal_jouneaux/rob_lang/interpreter/model/goal/visitor/FlattenedImpact.java
/home/gjouneau/Documents/Recherche/SAVM-Framework/Handcraft.languages/RobLANG/fr.gwendal_jouneaux.rob_lang/src/fr/gwendal_jouneaux/rob_lang/interpreter/model/goal/visitor/IGoalVisitor.java
/home/gjouneau/Documents/Recherche/SAVM-Framework/Handcraft.languages/RobLANG/fr.gwendal_jouneaux.rob_lang/src/fr/gwendal_jouneaux/rob_lang/interpreter/model/goal/visitor/ChocoTransformVisitor.java
/home/gjouneau/Documents/Recherche/SAVM-Framework/Handcraft.languages/RobLANG/fr.gwendal_jouneaux.rob_lang/src/fr/gwendal_jouneaux/rob_lang/interpreter/model/goal/visitor/ModelFlatteningVisitor.java
/home/gjouneau/Documents/Recherche/SAVM-Framework/Handcraft.languages/RobLANG/fr.gwendal_jouneaux.rob_lang/src/fr/gwendal_jouneaux/rob_lang/interpreter/model/goal/Task.java
/home/gjouneau/Documents/Recherche/SAVM-Framework/Handcraft.languages/RobLANG/fr.gwendal_jouneaux.rob_lang/src/fr/gwendal_jouneaux/rob_lang/interpreter/model/goal/Softgoal.java
/home/gjouneau/Documents/Recherche/SAVM-Framework/Handcraft.languages/RobLANG/fr.gwendal_jouneaux.rob_lang/src/fr/gwendal_jouneaux/rob_lang/interpreter/model/goal/Variable.java
/home/gjouneau/Documents/Recherche/SAVM-Framework/Handcraft.languages/RobLANG/fr.gwendal_jouneaux.rob_lang/src/fr/gwendal_jouneaux/rob_lang/interpreter/model/goal/GoalModelingElement.java
/home/gjouneau/Documents/Recherche/SAVM-Framework/Handcraft.languages/RobLANG/fr.gwendal_jouneaux.rob_lang/src/fr/gwendal_jouneaux/rob_lang/interpreter/model/goal/Resource.java
/home/gjouneau/Documents/Recherche/SAVM-Framework/Handcraft.languages/RobLANG/fr.gwendal_jouneaux.rob_lang/src/fr/gwendal_jouneaux/rob_lang/interpreter/model/goal/TagConstraint.java
/home/gjouneau/Documents/Recherche/SAVM-Framework/Handcraft.languages/RobLANG/fr.gwendal_jouneaux.rob_lang/src/fr/gwendal_jouneaux/rob_lang/interpreter/ExecutionContext.java
/home/gjouneau/Documents/Recherche/SAVM-Framework/Handcraft.languages/RobLANG/fr.gwendal_jouneaux.rob_lang/src/fr/gwendal_jouneaux/rob_lang/interpreter/runtime/LoopBreak.java
/home/gjouneau/Documents/Recherche/SAVM-Framework/Handcraft.languages/RobLANG/fr.gwendal_jouneaux.rob_lang/src/fr/gwendal_jouneaux/rob_lang/interpreter/runtime/RuntimeArray.java
/home/gjouneau/Documents/Recherche/SAVM-Framework/Handcraft.languages/RobLANG/fr.gwendal_jouneaux.rob_lang/src/fr/gwendal_jouneaux/rob_lang/interpreter/runtime/FunctionReturn.java
/home/gjouneau/Documents/Recherche/SAVM-Framework/Handcraft.languages/RobLANG/fr.gwendal_jouneaux.rob_lang/src/fr/gwendal_jouneaux/rob_lang/interpreter/decision/model/ModelEvaluationBounds.java
/home/gjouneau/Documents/Recherche/SAVM-Framework/Handcraft.languages/RobLANG/fr.gwendal_jouneaux.rob_lang/src/fr/gwendal_jouneaux/rob_lang/interpreter/decision/model/VariableConfiguation.java
/home/gjouneau/Documents/Recherche/SAVM-Framework/Handcraft.languages/RobLANG/fr.gwendal_jouneaux.rob_lang/src/fr/gwendal_jouneaux/rob_lang/interpreter/adaptation/modules/BatteryOptimization.java
/home/gjouneau/Documents/Recherche/SAVM-Framework/Handcraft.languages/RobLANG/fr.gwendal_jouneaux.rob_lang/src/fr/gwendal_jouneaux/rob_lang/interpreter/FeedbackLoop.java
/home/gjouneau/Documents/Recherche/SAVM-Framework/Handcraft.languages/RobLANG/fr.gwendal_jouneaux.rob_lang/src/fr/gwendal_jouneaux/rob_lang/interpreter/AbstractFeedbackLoop.java
/home/gjouneau/Documents/Recherche/SAVM-Framework/Handcraft.languages/RobLANG/fr.gwendal_jouneaux.rob_lang/src/fr/gwendal_jouneaux/rob_lang/interpreter/ContextRobLANG.java
/home/gjouneau/Documents/Recherche/SAVM-Framework/Handcraft.languages/RobLANG/fr.gwendal_jouneaux.rob_lang/src/fr/gwendal_jouneaux/rob_lang/interpreter/AbstractAdaptationModule.java
/home/gjouneau/Documents/Recherche/SAVM-Framework/Handcraft.languages/RobLANG/fr.gwendal_jouneaux.rob_lang/src/fr/gwendal_jouneaux/rob_lang/interpreter/AdaptationContext.java
/home/gjouneau/Documents/Recherche/SAVM-Framework/Handcraft.languages/RobLANG/fr.gwendal_jouneaux.rob_lang/src/fr/gwendal_jouneaux/rob_lang/interpreter/AdaptationAspect.java
/home/gjouneau/Documents/Recherche/SAVM-Framework/Handcraft.languages/RobLANG/fr.gwendal_jouneaux.rob_lang/src/fr/gwendal_jouneaux/rob_lang/RobLANGRuntimeModule.java
/home/gjouneau/Documents/Recherche/SAVM-Framework/Handcraft.languages/RobLANG/fr.gwendal_jouneaux.rob_lang/src-gen/fr/gwendal_jouneaux/rob_lang/serializer/RobLANGSyntacticSequencer.java
/home/gjouneau/Documents/Recherche/SAVM-Framework/Handcraft.languages/RobLANG/fr.gwendal_jouneaux.rob_lang/src-gen/fr/gwendal_jouneaux/rob_lang/serializer/RobLANGSemanticSequencer.java
/home/gjouneau/Documents/Recherche/SAVM-Framework/Handcraft.languages/RobLANG/fr.gwendal_jouneaux.rob_lang/src-gen/fr/gwendal_jouneaux/rob_lang/AbstractRobLANGRuntimeModule.java
/home/gjouneau/Documents/Recherche/SAVM-Framework/Handcraft.languages/RobLANG/fr.gwendal_jouneaux.rob_lang/src-gen/fr/gwendal_jouneaux/rob_lang/scoping/AbstractRobLANGScopeProvider.java
/home/gjouneau/Documents/Recherche/SAVM-Framework/Handcraft.languages/RobLANG/fr.gwendal_jouneaux.rob_lang/src-gen/fr/gwendal_jouneaux/rob_lang/validation/RobLANGConfigurableIssueCodesProvider.java
/home/gjouneau/Documents/Recherche/SAVM-Framework/Handcraft.languages/RobLANG/fr.gwendal_jouneaux.rob_lang/src-gen/fr/gwendal_jouneaux/rob_lang/validation/AbstractRobLANGValidator.java
/home/gjouneau/Documents/Recherche/SAVM-Framework/Handcraft.languages/RobLANG/fr.gwendal_jouneaux.rob_lang/src-gen/fr/gwendal_jouneaux/rob_lang/robLANG/BasicType.java
/home/gjouneau/Documents/Recherche/SAVM-Framework/Handcraft.languages/RobLANG/fr.gwendal_jouneaux.rob_lang/src-gen/fr/gwendal_jouneaux/rob_lang/robLANG/MathCos.java
/home/gjouneau/Documents/Recherche/SAVM-Framework/Handcraft.languages/RobLANG/fr.gwendal_jouneaux.rob_lang/src-gen/fr/gwendal_jouneaux/rob_lang/robLANG/Statement.java
/home/gjouneau/Documents/Recherche/SAVM-Framework/Handcraft.languages/RobLANG/fr.gwendal_jouneaux.rob_lang/src-gen/fr/gwendal_jouneaux/rob_lang/robLANG/StringConstant.java
/home/gjouneau/Documents/Recherche/SAVM-Framework/Handcraft.languages/RobLANG/fr.gwendal_jouneaux.rob_lang/src-gen/fr/gwendal_jouneaux/rob_lang/robLANG/RobLANGPackage.java
/home/gjouneau/Documents/Recherche/SAVM-Framework/Handcraft.languages/RobLANG/fr.gwendal_jouneaux.rob_lang/src-gen/fr/gwendal_jouneaux/rob_lang/robLANG/Type.java
/home/gjouneau/Documents/Recherche/SAVM-Framework/Handcraft.languages/RobLANG/fr.gwendal_jouneaux.rob_lang/src-gen/fr/gwendal_jouneaux/rob_lang/robLANG/FunParamCapture.java
/home/gjouneau/Documents/Recherche/SAVM-Framework/Handcraft.languages/RobLANG/fr.gwendal_jouneaux.rob_lang/src-gen/fr/gwendal_jouneaux/rob_lang/robLANG/Turn.java
/home/gjouneau/Documents/Recherche/SAVM-Framework/Handcraft.languages/RobLANG/fr.gwendal_jouneaux.rob_lang/src-gen/fr/gwendal_jouneaux/rob_lang/robLANG/ArrayRemove.java
/home/gjouneau/Documents/Recherche/SAVM-Framework/Handcraft.languages/RobLANG/fr.gwendal_jouneaux.rob_lang/src-gen/fr/gwendal_jouneaux/rob_lang/robLANG/BoolConstant.java
/home/gjouneau/Documents/Recherche/SAVM-Framework/Handcraft.languages/RobLANG/fr.gwendal_jouneaux.rob_lang/src-gen/fr/gwendal_jouneaux/rob_lang/robLANG/Loop.java
/home/gjouneau/Documents/Recherche/SAVM-Framework/Handcraft.languages/RobLANG/fr.gwendal_jouneaux.rob_lang/src-gen/fr/gwendal_jouneaux/rob_lang/robLANG/Minus.java
/home/gjouneau/Documents/Recherche/SAVM-Framework/Handcraft.languages/RobLANG/fr.gwendal_jouneaux.rob_lang/src-gen/fr/gwendal_jouneaux/rob_lang/robLANG/Effector.java
/home/gjouneau/Documents/Recherche/SAVM-Framework/Handcraft.languages/RobLANG/fr.gwendal_jouneaux.rob_lang/src-gen/fr/gwendal_jouneaux/rob_lang/robLANG/MathPow.java
/home/gjouneau/Documents/Recherche/SAVM-Framework/Handcraft.languages/RobLANG/fr.gwendal_jouneaux.rob_lang/src-gen/fr/gwendal_jouneaux/rob_lang/robLANG/GreaterEq.java
/home/gjouneau/Documents/Recherche/SAVM-Framework/Handcraft.languages/RobLANG/fr.gwendal_jouneaux.rob_lang/src-gen/fr/gwendal_jouneaux/rob_lang/robLANG/Sensor.java
/home/gjouneau/Documents/Recherche/SAVM-Framework/Handcraft.languages/RobLANG/fr.gwendal_jouneaux.rob_lang/src-gen/fr/gwendal_jouneaux/rob_lang/robLANG/Symbol.java
/home/gjouneau/Documents/Recherche/SAVM-Framework/Handcraft.languages/RobLANG/fr.gwendal_jouneaux.rob_lang/src-gen/fr/gwendal_jouneaux/rob_lang/robLANG/MathAbs.java
/home/gjouneau/Documents/Recherche/SAVM-Framework/Handcraft.languages/RobLANG/fr.gwendal_jouneaux.rob_lang/src-gen/fr/gwendal_jouneaux/rob_lang/robLANG/FunParam.java
/home/gjouneau/Documents/Recherche/SAVM-Framework/Handcraft.languages/RobLANG/fr.gwendal_jouneaux.rob_lang/src-gen/fr/gwendal_jouneaux/rob_lang/robLANG/Parameter.java
/home/gjouneau/Documents/Recherche/SAVM-Framework/Handcraft.languages/RobLANG/fr.gwendal_jouneaux.rob_lang/src-gen/fr/gwendal_jouneaux/rob_lang/robLANG/Block.java
/home/gjouneau/Documents/Recherche/SAVM-Framework/Handcraft.languages/RobLANG/fr.gwendal_jouneaux.rob_lang/src-gen/fr/gwendal_jouneaux/rob_lang/robLANG/Greater.java
/home/gjouneau/Documents/Recherche/SAVM-Framework/Handcraft.languages/RobLANG/fr.gwendal_jouneaux.rob_lang/src-gen/fr/gwendal_jouneaux/rob_lang/robLANG/Speed.java
/home/gjouneau/Documents/Recherche/SAVM-Framework/Handcraft.languages/RobLANG/fr.gwendal_jouneaux.rob_lang/src-gen/fr/gwendal_jouneaux/rob_lang/robLANG/AdaptationProperty.java
/home/gjouneau/Documents/Recherche/SAVM-Framework/Handcraft.languages/RobLANG/fr.gwendal_jouneaux.rob_lang/src-gen/fr/gwendal_jouneaux/rob_lang/robLANG/ArrayAdd.java
/home/gjouneau/Documents/Recherche/SAVM-Framework/Handcraft.languages/RobLANG/fr.gwendal_jouneaux.rob_lang/src-gen/fr/gwendal_jouneaux/rob_lang/robLANG/Not.java
/home/gjouneau/Documents/Recherche/SAVM-Framework/Handcraft.languages/RobLANG/fr.gwendal_jouneaux.rob_lang/src-gen/fr/gwendal_jouneaux/rob_lang/robLANG/MathSin.java
/home/gjouneau/Documents/Recherche/SAVM-Framework/Handcraft.languages/RobLANG/fr.gwendal_jouneaux.rob_lang/src-gen/fr/gwendal_jouneaux/rob_lang/robLANG/Multiply.java
/home/gjouneau/Documents/Recherche/SAVM-Framework/Handcraft.languages/RobLANG/fr.gwendal_jouneaux.rob_lang/src-gen/fr/gwendal_jouneaux/rob_lang/robLANG/Expression.java
/home/gjouneau/Documents/Recherche/SAVM-Framework/Handcraft.languages/RobLANG/fr.gwendal_jouneaux.rob_lang/src-gen/fr/gwendal_jouneaux/rob_lang/robLANG/ArrayExpression.java
/home/gjouneau/Documents/Recherche/SAVM-Framework/Handcraft.languages/RobLANG/fr.gwendal_jouneaux.rob_lang/src-gen/fr/gwendal_jouneaux/rob_lang/robLANG/And.java
/home/gjouneau/Documents/Recherche/SAVM-Framework/Handcraft.languages/RobLANG/fr.gwendal_jouneaux.rob_lang/src-gen/fr/gwendal_jouneaux/rob_lang/robLANG/Return.java
/home/gjouneau/Documents/Recherche/SAVM-Framework/Handcraft.languages/RobLANG/fr.gwendal_jouneaux.rob_lang/src-gen/fr/gwendal_jouneaux/rob_lang/robLANG/AnnotatedStatement.java
/home/gjouneau/Documents/Recherche/SAVM-Framework/Handcraft.languages/RobLANG/fr.gwendal_jouneaux.rob_lang/src-gen/fr/gwendal_jouneaux/rob_lang/robLANG/Move.java
/home/gjouneau/Documents/Recherche/SAVM-Framework/Handcraft.languages/RobLANG/fr.gwendal_jouneaux.rob_lang/src-gen/fr/gwendal_jouneaux/rob_lang/robLANG/SenseDistance.java
/home/gjouneau/Documents/Recherche/SAVM-Framework/Handcraft.languages/RobLANG/fr.gwendal_jouneaux.rob_lang/src-gen/fr/gwendal_jouneaux/rob_lang/robLANG/Inequality.java
/home/gjouneau/Documents/Recherche/SAVM-Framework/Handcraft.languages/RobLANG/fr.gwendal_jouneaux.rob_lang/src-gen/fr/gwendal_jouneaux/rob_lang/robLANG/DoubleConstant.java
/home/gjouneau/Documents/Recherche/SAVM-Framework/Handcraft.languages/RobLANG/fr.gwendal_jouneaux.rob_lang/src-gen/fr/gwendal_jouneaux/rob_lang/robLANG/Variable.java
/home/gjouneau/Documents/Recherche/SAVM-Framework/Handcraft.languages/RobLANG/fr.gwendal_jouneaux.rob_lang/src-gen/fr/gwendal_jouneaux/rob_lang/robLANG/Or.java
/home/gjouneau/Documents/Recherche/SAVM-Framework/Handcraft.languages/RobLANG/fr.gwendal_jouneaux.rob_lang/src-gen/fr/gwendal_jouneaux/rob_lang/robLANG/LessEq.java
/home/gjouneau/Documents/Recherche/SAVM-Framework/Handcraft.languages/RobLANG/fr.gwendal_jouneaux.rob_lang/src-gen/fr/gwendal_jouneaux/rob_lang/robLANG/Assignment.java
/home/gjouneau/Documents/Recherche/SAVM-Framework/Handcraft.languages/RobLANG/fr.gwendal_jouneaux.rob_lang/src-gen/fr/gwendal_jouneaux/rob_lang/robLANG/ArrayGet.java
/home/gjouneau/Documents/Recherche/SAVM-Framework/Handcraft.languages/RobLANG/fr.gwendal_jouneaux.rob_lang/src-gen/fr/gwendal_jouneaux/rob_lang/robLANG/ArrayLength.java
/home/gjouneau/Documents/Recherche/SAVM-Framework/Handcraft.languages/RobLANG/fr.gwendal_jouneaux.rob_lang/src-gen/fr/gwendal_jouneaux/rob_lang/robLANG/SenseTime.java
/home/gjouneau/Documents/Recherche/SAVM-Framework/Handcraft.languages/RobLANG/fr.gwendal_jouneaux.rob_lang/src-gen/fr/gwendal_jouneaux/rob_lang/robLANG/Equality.java
/home/gjouneau/Documents/Recherche/SAVM-Framework/Handcraft.languages/RobLANG/fr.gwendal_jouneaux.rob_lang/src-gen/fr/gwendal_jouneaux/rob_lang/robLANG/ArraySet.java
/home/gjouneau/Documents/Recherche/SAVM-Framework/Handcraft.languages/RobLANG/fr.gwendal_jouneaux.rob_lang/src-gen/fr/gwendal_jouneaux/rob_lang/robLANG/Condition.java
/home/gjouneau/Documents/Recherche/SAVM-Framework/Handcraft.languages/RobLANG/fr.gwendal_jouneaux.rob_lang/src-gen/fr/gwendal_jouneaux/rob_lang/robLANG/TurnLeft.java
/home/gjouneau/Documents/Recherche/SAVM-Framework/Handcraft.languages/RobLANG/fr.gwendal_jouneaux.rob_lang/src-gen/fr/gwendal_jouneaux/rob_lang/robLANG/SetNominalSpeed.java
/home/gjouneau/Documents/Recherche/SAVM-Framework/Handcraft.languages/RobLANG/fr.gwendal_jouneaux.rob_lang/src-gen/fr/gwendal_jouneaux/rob_lang/robLANG/SymbolRef.java
/home/gjouneau/Documents/Recherche/SAVM-Framework/Handcraft.languages/RobLANG/fr.gwendal_jouneaux.rob_lang/src-gen/fr/gwendal_jouneaux/rob_lang/robLANG/util/RobLANGSwitch.java
/home/gjouneau/Documents/Recherche/SAVM-Framework/Handcraft.languages/RobLANG/fr.gwendal_jouneaux.rob_lang/src-gen/fr/gwendal_jouneaux/rob_lang/robLANG/util/RobLANGAdapterFactory.java
/home/gjouneau/Documents/Recherche/SAVM-Framework/Handcraft.languages/RobLANG/fr.gwendal_jouneaux.rob_lang/src-gen/fr/gwendal_jouneaux/rob_lang/robLANG/GetMaxSpeed.java
/home/gjouneau/Documents/Recherche/SAVM-Framework/Handcraft.languages/RobLANG/fr.gwendal_jouneaux.rob_lang/src-gen/fr/gwendal_jouneaux/rob_lang/robLANG/InlineFunction.java
/home/gjouneau/Documents/Recherche/SAVM-Framework/Handcraft.languages/RobLANG/fr.gwendal_jouneaux.rob_lang/src-gen/fr/gwendal_jouneaux/rob_lang/robLANG/MathModulo.java
/home/gjouneau/Documents/Recherche/SAVM-Framework/Handcraft.languages/RobLANG/fr.gwendal_jouneaux.rob_lang/src-gen/fr/gwendal_jouneaux/rob_lang/robLANG/MoveBackward.java
/home/gjouneau/Documents/Recherche/SAVM-Framework/Handcraft.languages/RobLANG/fr.gwendal_jouneaux.rob_lang/src-gen/fr/gwendal_jouneaux/rob_lang/robLANG/TurnRight.java
/home/gjouneau/Documents/Recherche/SAVM-Framework/Handcraft.languages/RobLANG/fr.gwendal_jouneaux.rob_lang/src-gen/fr/gwendal_jouneaux/rob_lang/robLANG/FunCall.java
/home/gjouneau/Documents/Recherche/SAVM-Framework/Handcraft.languages/RobLANG/fr.gwendal_jouneaux.rob_lang/src-gen/fr/gwendal_jouneaux/rob_lang/robLANG/Divide.java
/home/gjouneau/Documents/Recherche/SAVM-Framework/Handcraft.languages/RobLANG/fr.gwendal_jouneaux.rob_lang/src-gen/fr/gwendal_jouneaux/rob_lang/robLANG/SimpleStatement.java
/home/gjouneau/Documents/Recherche/SAVM-Framework/Handcraft.languages/RobLANG/fr.gwendal_jouneaux.rob_lang/src-gen/fr/gwendal_jouneaux/rob_lang/robLANG/IntConstant.java
/home/gjouneau/Documents/Recherche/SAVM-Framework/Handcraft.languages/RobLANG/fr.gwendal_jouneaux.rob_lang/src-gen/fr/gwendal_jouneaux/rob_lang/robLANG/ComplexFunction.java
/home/gjouneau/Documents/Recherche/SAVM-Framework/Handcraft.languages/RobLANG/fr.gwendal_jouneaux.rob_lang/src-gen/fr/gwendal_jouneaux/rob_lang/robLANG/MathExpression.java
/home/gjouneau/Documents/Recherche/SAVM-Framework/Handcraft.languages/RobLANG/fr.gwendal_jouneaux.rob_lang/src-gen/fr/gwendal_jouneaux/rob_lang/robLANG/Break.java
/home/gjouneau/Documents/Recherche/SAVM-Framework/Handcraft.languages/RobLANG/fr.gwendal_jouneaux.rob_lang/src-gen/fr/gwendal_jouneaux/rob_lang/robLANG/MathSqrt.java
/home/gjouneau/Documents/Recherche/SAVM-Framework/Handcraft.languages/RobLANG/fr.gwendal_jouneaux.rob_lang/src-gen/fr/gwendal_jouneaux/rob_lang/robLANG/MoveForward.java
/home/gjouneau/Documents/Recherche/SAVM-Framework/Handcraft.languages/RobLANG/fr.gwendal_jouneaux.rob_lang/src-gen/fr/gwendal_jouneaux/rob_lang/robLANG/ArrayNew.java
/home/gjouneau/Documents/Recherche/SAVM-Framework/Handcraft.languages/RobLANG/fr.gwendal_jouneaux.rob_lang/src-gen/fr/gwendal_jouneaux/rob_lang/robLANG/PrintExpression.java
/home/gjouneau/Documents/Recherche/SAVM-Framework/Handcraft.languages/RobLANG/fr.gwendal_jouneaux.rob_lang/src-gen/fr/gwendal_jouneaux/rob_lang/robLANG/impl/MinusImpl.java
/home/gjouneau/Documents/Recherche/SAVM-Framework/Handcraft.languages/RobLANG/fr.gwendal_jouneaux.rob_lang/src-gen/fr/gwendal_jouneaux/rob_lang/robLANG/impl/DoubleConstantImpl.java
/home/gjouneau/Documents/Recherche/SAVM-Framework/Handcraft.languages/RobLANG/fr.gwendal_jouneaux.rob_lang/src-gen/fr/gwendal_jouneaux/rob_lang/robLANG/impl/SenseDistanceImpl.java
/home/gjouneau/Documents/Recherche/SAVM-Framework/Handcraft.languages/RobLANG/fr.gwendal_jouneaux.rob_lang/src-gen/fr/gwendal_jouneaux/rob_lang/robLANG/impl/TurnLeftImpl.java
/home/gjouneau/Documents/Recherche/SAVM-Framework/Handcraft.languages/RobLANG/fr.gwendal_jouneaux.rob_lang/src-gen/fr/gwendal_jouneaux/rob_lang/robLANG/impl/RobLANGPackageImpl.java
/home/gjouneau/Documents/Recherche/SAVM-Framework/Handcraft.languages/RobLANG/fr.gwendal_jouneaux.rob_lang/src-gen/fr/gwendal_jouneaux/rob_lang/robLANG/impl/ArrayNewImpl.java
/home/gjouneau/Documents/Recherche/SAVM-Framework/Handcraft.languages/RobLANG/fr.gwendal_jouneaux.rob_lang/src-gen/fr/gwendal_jouneaux/rob_lang/robLANG/impl/VariableImpl.java
/home/gjouneau/Documents/Recherche/SAVM-Framework/Handcraft.languages/RobLANG/fr.gwendal_jouneaux.rob_lang/src-gen/fr/gwendal_jouneaux/rob_lang/robLANG/impl/MathExpressionImpl.java
/home/gjouneau/Documents/Recherche/SAVM-Framework/Handcraft.languages/RobLANG/fr.gwendal_jouneaux.rob_lang/src-gen/fr/gwendal_jouneaux/rob_lang/robLANG/impl/ArrayExpressionImpl.java
/home/gjouneau/Documents/Recherche/SAVM-Framework/Handcraft.languages/RobLANG/fr.gwendal_jouneaux.rob_lang/src-gen/fr/gwendal_jouneaux/rob_lang/robLANG/impl/MoveImpl.java
/home/gjouneau/Documents/Recherche/SAVM-Framework/Handcraft.languages/RobLANG/fr.gwendal_jouneaux.rob_lang/src-gen/fr/gwendal_jouneaux/rob_lang/robLANG/impl/DivideImpl.java
/home/gjouneau/Documents/Recherche/SAVM-Framework/Handcraft.languages/RobLANG/fr.gwendal_jouneaux.rob_lang/src-gen/fr/gwendal_jouneaux/rob_lang/robLANG/impl/LessImpl.java
/home/gjouneau/Documents/Recherche/SAVM-Framework/Handcraft.languages/RobLANG/fr.gwendal_jouneaux.rob_lang/src-gen/fr/gwendal_jouneaux/rob_lang/robLANG/impl/FunParamCaptureImpl.java
/home/gjouneau/Documents/Recherche/SAVM-Framework/Handcraft.languages/RobLANG/fr.gwendal_jouneaux.rob_lang/src-gen/fr/gwendal_jouneaux/rob_lang/robLANG/impl/BreakImpl.java
/home/gjouneau/Documents/Recherche/SAVM-Framework/Handcraft.languages/RobLANG/fr.gwendal_jouneaux.rob_lang/src-gen/fr/gwendal_jouneaux/rob_lang/robLANG/impl/GreaterEqImpl.java
/home/gjouneau/Documents/Recherche/SAVM-Framework/Handcraft.languages/RobLANG/fr.gwendal_jouneaux.rob_lang/src-gen/fr/gwendal_jouneaux/rob_lang/robLANG/impl/MathCosImpl.java
/home/gjouneau/Documents/Recherche/SAVM-Framework/Handcraft.languages/RobLANG/fr.gwendal_jouneaux.rob_lang/src-gen/fr/gwendal_jouneaux/rob_lang/robLANG/impl/MathPowImpl.java
/home/gjouneau/Documents/Recherche/SAVM-Framework/Handcraft.languages/RobLANG/fr.gwendal_jouneaux.rob_lang/src-gen/fr/gwendal_jouneaux/rob_lang/robLANG/impl/SimpleStatementImpl.java
/home/gjouneau/Documents/Recherche/SAVM-Framework/Handcraft.languages/RobLANG/fr.gwendal_jouneaux.rob_lang/src-gen/fr/gwendal_jouneaux/rob_lang/robLANG/impl/TurnImpl.java
/home/gjouneau/Documents/Recherche/SAVM-Framework/Handcraft.languages/RobLANG/fr.gwendal_jouneaux.rob_lang/src-gen/fr/gwendal_jouneaux/rob_lang/robLANG/impl/MathSqrtImpl.java
/home/gjouneau/Documents/Recherche/SAVM-Framework/Handcraft.languages/RobLANG/fr.gwendal_jouneaux.rob_lang/src-gen/fr/gwendal_jouneaux/rob_lang/robLANG/impl/RobLANGFactoryImpl.java
/home/gjouneau/Documents/Recherche/SAVM-Framework/Handcraft.languages/RobLANG/fr.gwendal_jouneaux.rob_lang/src-gen/fr/gwendal_jouneaux/rob_lang/robLANG/impl/ParameterImpl.java
/home/gjouneau/Documents/Recherche/SAVM-Framework/Handcraft.languages/RobLANG/fr.gwendal_jouneaux.rob_lang/src-gen/fr/gwendal_jouneaux/rob_lang/robLANG/impl/ExpressionImpl.java
/home/gjouneau/Documents/Recherche/SAVM-Framework/Handcraft.languages/RobLANG/fr.gwendal_jouneaux.rob_lang/src-gen/fr/gwendal_jouneaux/rob_lang/robLANG/impl/InlineFunctionImpl.java
/home/gjouneau/Documents/Recherche/SAVM-Framework/Handcraft.languages/RobLANG/fr.gwendal_jouneaux.rob_lang/src-gen/fr/gwendal_jouneaux/rob_lang/robLANG/impl/SymbolImpl.java
/home/gjouneau/Documents/Recherche/SAVM-Framework/Handcraft.languages/RobLANG/fr.gwendal_jouneaux.rob_lang/src-gen/fr/gwendal_jouneaux/rob_lang/robLANG/impl/ArraySetImpl.java
/home/gjouneau/Documents/Recherche/SAVM-Framework/Handcraft.languages/RobLANG/fr.gwendal_jouneaux.rob_lang/src-gen/fr/gwendal_jouneaux/rob_lang/robLANG/impl/RobotImpl.java
/home/gjouneau/Documents/Recherche/SAVM-Framework/Handcraft.languages/RobLANG/fr.gwendal_jouneaux.rob_lang/src-gen/fr/gwendal_jouneaux/rob_lang/robLANG/impl/BoolConstantImpl.java
/home/gjouneau/Documents/Recherche/SAVM-Framework/Handcraft.languages/RobLANG/fr.gwendal_jouneaux.rob_lang/src-gen/fr/gwendal_jouneaux/rob_lang/robLANG/impl/FunParamImpl.java
/home/gjouneau/Documents/Recherche/SAVM-Framework/Handcraft.languages/RobLANG/fr.gwendal_jouneaux.rob_lang/src-gen/fr/gwendal_jouneaux/rob_lang/robLANG/impl/SenseCompassImpl.java
/home/gjouneau/Documents/Recherche/SAVM-Framework/Handcraft.languages/RobLANG/fr.gwendal_jouneaux.rob_lang/src-gen/fr/gwendal_jouneaux/rob_lang/robLANG/impl/StringConstantImpl.java
/home/gjouneau/Documents/Recherche/SAVM-Framework/Handcraft.languages/RobLANG/fr.gwendal_jouneaux.rob_lang/src-gen/fr/gwendal_jouneaux/rob_lang/robLANG/impl/AnnotatedStatementImpl.java
/home/gjouneau/Documents/Recherche/SAVM-Framework/Handcraft.languages/RobLANG/fr.gwendal_jouneaux.rob_lang/src-gen/fr/gwendal_jouneaux/rob_lang/robLANG/impl/MathModuloImpl.java
/home/gjouneau/Documents/Recherche/SAVM-Framework/Handcraft.languages/RobLANG/fr.gwendal_jouneaux.rob_lang/src-gen/fr/gwendal_jouneaux/rob_lang/robLANG/impl/ComplexFunctionImpl.java
/home/gjouneau/Documents/Recherche/SAVM-Framework/Handcraft.languages/RobLANG/fr.gwendal_jouneaux.rob_lang/src-gen/fr/gwendal_jouneaux/rob_lang/robLANG/impl/PlusImpl.java
/home/gjouneau/Documents/Recherche/SAVM-Framework/Handcraft.languages/RobLANG/fr.gwendal_jouneaux.rob_lang/src-gen/fr/gwendal_jouneaux/rob_lang/robLANG/impl/FunParamExpImpl.java
/home/gjouneau/Documents/Recherche/SAVM-Framework/Handcraft.languages/RobLANG/fr.gwendal_jouneaux.rob_lang/src-gen/fr/gwendal_jouneaux/rob_lang/robLANG/impl/ArrayAddImpl.java
/home/gjouneau/Documents/Recherche/SAVM-Framework/Handcraft.languages/RobLANG/fr.gwendal_jouneaux.rob_lang/src-gen/fr/gwendal_jouneaux/rob_lang/robLANG/impl/SensorImpl.java
/home/gjouneau/Documents/Recherche/SAVM-Framework/Handcraft.languages/RobLANG/fr.gwendal_jouneaux.rob_lang/src-gen/fr/gwendal_jouneaux/rob_lang/robLANG/impl/LoopImpl.java
/home/gjouneau/Documents/Recherche/SAVM-Framework/Handcraft.languages/RobLANG/fr.gwendal_jouneaux.rob_lang/src-gen/fr/gwendal_jouneaux/rob_lang/robLANG/impl/ConditionImpl.java
/home/gjouneau/Documents/Recherche/SAVM-Framework/Handcraft.languages/RobLANG/fr.gwendal_jouneaux.rob_lang/src-gen/fr/gwendal_jouneaux/rob_lang/robLANG/impl/FunCallImpl.java
/home/gjouneau/Documents/Recherche/SAVM-Framework/Handcraft.languages/RobLANG/fr.gwendal_jouneaux.rob_lang/src-gen/fr/gwendal_jouneaux/rob_lang/robLANG/impl/GetMaxSpeedImpl.java
/home/gjouneau/Documents/Recherche/SAVM-Framework/Handcraft.languages/RobLANG/fr.gwendal_jouneaux.rob_lang/src-gen/fr/gwendal_jouneaux/rob_lang/robLANG/impl/TurnRightImpl.java
/home/gjouneau/Documents/Recherche/SAVM-Framework/Handcraft.languages/RobLANG/fr.gwendal_jouneaux.rob_lang/src-gen/fr/gwendal_jouneaux/rob_lang/robLANG/impl/FunDefinitionImpl.java
/home/gjouneau/Documents/Recherche/SAVM-Framework/Handcraft.languages/RobLANG/fr.gwendal_jouneaux.rob_lang/src-gen/fr/gwendal_jouneaux/rob_lang/robLANG/impl/AndImpl.java
/home/gjouneau/Documents/Recherche/SAVM-Framework/Handcraft.languages/RobLANG/fr.gwendal_jouneaux.rob_lang/src-gen/fr/gwendal_jouneaux/rob_lang/robLANG/impl/OrImpl.java
/home/gjouneau/Documents/Recherche/SAVM-Framework/Handcraft.languages/RobLANG/fr.gwendal_jouneaux.rob_lang/src-gen/fr/gwendal_jouneaux/rob_lang/robLANG/impl/SenseTimeImpl.java
/home/gjouneau/Documents/Recherche/SAVM-Framework/Handcraft.languages/RobLANG/fr.gwendal_jouneaux.rob_lang/src-gen/fr/gwendal_jouneaux/rob_lang/robLANG/impl/GreaterImpl.java
/home/gjouneau/Documents/Recherche/SAVM-Framework/Handcraft.languages/RobLANG/fr.gwendal_jouneaux.rob_lang/src-gen/fr/gwendal_jouneaux/rob_lang/robLANG/impl/InequalityImpl.java
/home/gjouneau/Documents/Recherche/SAVM-Framework/Handcraft.languages/RobLANG/fr.gwendal_jouneaux.rob_lang/src-gen/fr/gwendal_jouneaux/rob_lang/robLANG/impl/SpeedImpl.java
/home/gjouneau/Documents/Recherche/SAVM-Framework/Handcraft.languages/RobLANG/fr.gwendal_jouneaux.rob_lang/src-gen/fr/gwendal_jouneaux/rob_lang/robLANG/impl/SetNominalSpeedImpl.java
/home/gjouneau/Documents/Recherche/SAVM-Framework/Handcraft.languages/RobLANG/fr.gwendal_jouneaux.rob_lang/src-gen/fr/gwendal_jouneaux/rob_lang/robLANG/impl/SensePositionImpl.java
/home/gjouneau/Documents/Recherche/SAVM-Framework/Handcraft.languages/RobLANG/fr.gwendal_jouneaux.rob_lang/src-gen/fr/gwendal_jouneaux/rob_lang/robLANG/impl/AssignmentImpl.java
/home/gjouneau/Documents/Recherche/SAVM-Framework/Handcraft.languages/RobLANG/fr.gwendal_jouneaux.rob_lang/src-gen/fr/gwendal_jouneaux/rob_lang/robLANG/impl/LessEqImpl.java
/home/gjouneau/Documents/Recherche/SAVM-Framework/Handcraft.languages/RobLANG/fr.gwendal_jouneaux.rob_lang/src-gen/fr/gwendal_jouneaux/rob_lang/robLANG/impl/ArrayStatementImpl.java
/home/gjouneau/Documents/Recherche/SAVM-Framework/Handcraft.languages/RobLANG/fr.gwendal_jouneaux.rob_lang/src-gen/fr/gwendal_jouneaux/rob_lang/robLANG/impl/StatementImpl.java
/home/gjouneau/Documents/Recherche/SAVM-Framework/Handcraft.languages/RobLANG/fr.gwendal_jouneaux.rob_lang/src-gen/fr/gwendal_jouneaux/rob_lang/robLANG/impl/MoveForwardImpl.java
/home/gjouneau/Documents/Recherche/SAVM-Framework/Handcraft.languages/RobLANG/fr.gwendal_jouneaux.rob_lang/src-gen/fr/gwendal_jouneaux/rob_lang/robLANG/impl/MathAbsImpl.java
/home/gjouneau/Documents/Recherche/SAVM-Framework/Handcraft.languages/RobLANG/fr.gwendal_jouneaux.rob_lang/src-gen/fr/gwendal_jouneaux/rob_lang/robLANG/impl/MultiplyImpl.java
/home/gjouneau/Documents/Recherche/SAVM-Framework/Handcraft.languages/RobLANG/fr.gwendal_jouneaux.rob_lang/src-gen/fr/gwendal_jouneaux/rob_lang/robLANG/impl/SymbolRefImpl.java
/home/gjouneau/Documents/Recherche/SAVM-Framework/Handcraft.languages/RobLANG/fr.gwendal_jouneaux.rob_lang/src-gen/fr/gwendal_jouneaux/rob_lang/robLANG/impl/ReturnImpl.java
/home/gjouneau/Documents/Recherche/SAVM-Framework/Handcraft.languages/RobLANG/fr.gwendal_jouneaux.rob_lang/src-gen/fr/gwendal_jouneaux/rob_lang/robLANG/impl/MoveBackwardImpl.java
/home/gjouneau/Documents/Recherche/SAVM-Framework/Handcraft.languages/RobLANG/fr.gwendal_jouneaux.rob_lang/src-gen/fr/gwendal_jouneaux/rob_lang/robLANG/impl/ArrayGetImpl.java
/home/gjouneau/Documents/Recherche/SAVM-Framework/Handcraft.languages/RobLANG/fr.gwendal_jouneaux.rob_lang/src-gen/fr/gwendal_jouneaux/rob_lang/robLANG/impl/SenseBatteryImpl.java
/home/gjouneau/Documents/Recherche/SAVM-Framework/Handcraft.languages/RobLANG/fr.gwendal_jouneaux.rob_lang/src-gen/fr/gwendal_jouneaux/rob_lang/robLANG/impl/BlockImpl.java
/home/gjouneau/Documents/Recherche/SAVM-Framework/Handcraft.languages/RobLANG/fr.gwendal_jouneaux.rob_lang/src-gen/fr/gwendal_jouneaux/rob_lang/robLANG/impl/ArrayRemoveImpl.java
/home/gjouneau/Documents/Recherche/SAVM-Framework/Handcraft.languages/RobLANG/fr.gwendal_jouneaux.rob_lang/src-gen/fr/gwendal_jouneaux/rob_lang/robLANG/impl/IntConstantImpl.java
/home/gjouneau/Documents/Recherche/SAVM-Framework/Handcraft.languages/RobLANG/fr.gwendal_jouneaux.rob_lang/src-gen/fr/gwendal_jouneaux/rob_lang/robLANG/impl/NotImpl.java
/home/gjouneau/Documents/Recherche/SAVM-Framework/Handcraft.languages/RobLANG/fr.gwendal_jouneaux.rob_lang/src-gen/fr/gwendal_jouneaux/rob_lang/robLANG/impl/PrintExpressionImpl.java
/home/gjouneau/Documents/Recherche/SAVM-Framework/Handcraft.languages/RobLANG/fr.gwendal_jouneaux.rob_lang/src-gen/fr/gwendal_jouneaux/rob_lang/robLANG/impl/TypeImpl.java
/home/gjouneau/Documents/Recherche/SAVM-Framework/Handcraft.languages/RobLANG/fr.gwendal_jouneaux.rob_lang/src-gen/fr/gwendal_jouneaux/rob_lang/robLANG/impl/EqualityImpl.java
/home/gjouneau/Documents/Recherche/SAVM-Framework/Handcraft.languages/RobLANG/fr.gwendal_jouneaux.rob_lang/src-gen/fr/gwendal_jouneaux/rob_lang/robLANG/impl/MathSinImpl.java
/home/gjouneau/Documents/Recherche/SAVM-Framework/Handcraft.languages/RobLANG/fr.gwendal_jouneaux.rob_lang/src-gen/fr/gwendal_jouneaux/rob_lang/robLANG/impl/EffectorImpl.java
/home/gjouneau/Documents/Recherche/SAVM-Framework/Handcraft.languages/RobLANG/fr.gwendal_jouneaux.rob_lang/src-gen/fr/gwendal_jouneaux/rob_lang/robLANG/impl/ArrayLengthImpl.java
/home/gjouneau/Documents/Recherche/SAVM-Framework/Handcraft.languages/RobLANG/fr.gwendal_jouneaux.rob_lang/src-gen/fr/gwendal_jouneaux/rob_lang/robLANG/SenseBattery.java
/home/gjouneau/Documents/Recherche/SAVM-Framework/Handcraft.languages/RobLANG/fr.gwendal_jouneaux.rob_lang/src-gen/fr/gwendal_jouneaux/rob_lang/robLANG/SensePosition.java
/home/gjouneau/Documents/Recherche/SAVM-Framework/Handcraft.languages/RobLANG/fr.gwendal_jouneaux.rob_lang/src-gen/fr/gwendal_jouneaux/rob_lang/robLANG/ArrayStatement.java
/home/gjouneau/Documents/Recherche/SAVM-Framework/Handcraft.languages/RobLANG/fr.gwendal_jouneaux.rob_lang/src-gen/fr/gwendal_jouneaux/rob_lang/robLANG/RobLANGFactory.java
/home/gjouneau/Documents/Recherche/SAVM-Framework/Handcraft.languages/RobLANG/fr.gwendal_jouneaux.rob_lang/src-gen/fr/gwendal_jouneaux/rob_lang/robLANG/Robot.java
/home/gjouneau/Documents/Recherche/SAVM-Framework/Handcraft.languages/RobLANG/fr.gwendal_jouneaux.rob_lang/src-gen/fr/gwendal_jouneaux/rob_lang/robLANG/FunDefinition.java
/home/gjouneau/Documents/Recherche/SAVM-Framework/Handcraft.languages/RobLANG/fr.gwendal_jouneaux.rob_lang/src-gen/fr/gwendal_jouneaux/rob_lang/robLANG/Plus.java
/home/gjouneau/Documents/Recherche/SAVM-Framework/Handcraft.languages/RobLANG/fr.gwendal_jouneaux.rob_lang/src-gen/fr/gwendal_jouneaux/rob_lang/robLANG/Less.java
/home/gjouneau/Documents/Recherche/SAVM-Framework/Handcraft.languages/RobLANG/fr.gwendal_jouneaux.rob_lang/src-gen/fr/gwendal_jouneaux/rob_lang/robLANG/SenseCompass.java
/home/gjouneau/Documents/Recherche/SAVM-Framework/Handcraft.languages/RobLANG/fr.gwendal_jouneaux.rob_lang/src-gen/fr/gwendal_jouneaux/rob_lang/robLANG/FunParamExp.java
/home/gjouneau/Documents/Recherche/SAVM-Framework/Handcraft.languages/RobLANG/fr.gwendal_jouneaux.rob_lang/src-gen/fr/gwendal_jouneaux/rob_lang/parser/antlr/RobLANGParser.java
/home/gjouneau/Documents/Recherche/SAVM-Framework/Handcraft.languages/RobLANG/fr.gwendal_jouneaux.rob_lang/src-gen/fr/gwendal_jouneaux/rob_lang/parser/antlr/RobLANGAntlrTokenFileProvider.java
/home/gjouneau/Documents/Recherche/SAVM-Framework/Handcraft.languages/RobLANG/fr.gwendal_jouneaux.rob_lang/src-gen/fr/gwendal_jouneaux/rob_lang/parser/antlr/internal/InternalRobLANGParser.java
/home/gjouneau/Documents/Recherche/SAVM-Framework/Handcraft.languages/RobLANG/fr.gwendal_jouneaux.rob_lang/src-gen/fr/gwendal_jouneaux/rob_lang/parser/antlr/internal/InternalRobLANGLexer.java
/home/gjouneau/Documents/Recherche/SAVM-Framework/Handcraft.languages/RobLANG/fr.gwendal_jouneaux.rob_lang/src-gen/fr/gwendal_jouneaux/rob_lang/RobLANGStandaloneSetupGenerated.java
/home/gjouneau/Documents/Recherche/SAVM-Framework/Handcraft.languages/RobLANG/fr.gwendal_jouneaux.rob_lang/src-gen/fr/gwendal_jouneaux/rob_lang/services/RobLANGGrammarAccess.java
/home/gjouneau/Documents/Recherche/SAVM-Framework/Handcraft.languages/RobLANG/fr.gwendal_jouneaux.rob_lang/xtend-gen/fr/gwendal_jouneaux/rob_lang/generator/RobLANGGenerator.java
/home/gjouneau/Documents/Recherche/SAVM-Framework/Handcraft.languages/RobLANG/fr.gwendal_jouneaux.rob_lang/xtend-gen/fr/gwendal_jouneaux/rob_lang/typing/DoubleType.java
/home/gjouneau/Documents/Recherche/SAVM-Framework/Handcraft.languages/RobLANG/fr.gwendal_jouneaux.rob_lang/xtend-gen/fr/gwendal_jouneaux/rob_lang/typing/IntType.java
/home/gjouneau/Documents/Recherche/SAVM-Framework/Handcraft.languages/RobLANG/fr.gwendal_jouneaux.rob_lang/xtend-gen/fr/gwendal_jouneaux/rob_lang/typing/RobLANGTypeComputer.java
/home/gjouneau/Documents/Recherche/SAVM-Framework/Handcraft.languages/RobLANG/fr.gwendal_jouneaux.rob_lang/xtend-gen/fr/gwendal_jouneaux/rob_lang/typing/ArrayType.java
/home/gjouneau/Documents/Recherche/SAVM-Framework/Handcraft.languages/RobLANG/fr.gwendal_jouneaux.rob_lang/xtend-gen/fr/gwendal_jouneaux/rob_lang/typing/BoolType.java
/home/gjouneau/Documents/Recherche/SAVM-Framework/Handcraft.languages/RobLANG/fr.gwendal_jouneaux.rob_lang/xtend-gen/fr/gwendal_jouneaux/rob_lang/typing/VoidType.java
/home/gjouneau/Documents/Recherche/SAVM-Framework/Handcraft.languages/RobLANG/fr.gwendal_jouneaux.rob_lang/xtend-gen/fr/gwendal_jouneaux/rob_lang/typing/RobLANGType.java
/home/gjouneau/Documents/Recherche/SAVM-Framework/Handcraft.languages/RobLANG/fr.gwendal_jouneaux.rob_lang/xtend-gen/fr/gwendal_jouneaux/rob_lang/typing/StringType.java
/home/gjouneau/Documents/Recherche/SAVM-Framework/Handcraft.languages/RobLANG/fr.gwendal_jouneaux.rob_lang/xtend-gen/fr/gwendal_jouneaux/rob_lang/interpreter/InterpretRobLANG.java
